2022/10/17 PM 10:33:15 ===============Execution: JMLM===============
2022/10/17 PM 10:33:15 Dataset: ICU
2022/10/17 PM 10:35:19 ===============Execution: JMLM===============
2022/10/17 PM 10:35:19 Dataset: ICU
2022/10/17 PM 10:36:46 ===============Execution: JMLM===============
2022/10/17 PM 10:36:46 Dataset: ICU
2022/10/17 PM 10:37:17 ===============Execution: JMLM===============
2022/10/17 PM 10:37:17 Dataset: ICU
2022/10/17 PM 10:40:38 ===============Execution: JMLM===============
2022/10/17 PM 10:40:38 Dataset: ICU
2022/10/17 PM 10:41:38 ===============Execution: JMLM===============
2022/10/17 PM 10:41:38 Dataset: ICU
2022/10/17 PM 10:42:49 ===============Execution: JMLM===============
2022/10/17 PM 10:42:49 Dataset: iris
2022/10/17 PM 10:43:24 ===============Execution: JMLM===============
2022/10/17 PM 10:43:24 Dataset: ICU
2022/10/17 PM 10:44:45 ===============Execution: JMLM===============
2022/10/17 PM 10:44:45 Dataset: ICU
2022/10/17 PM 10:44:45 ======Layer 0======
2022/10/17 PM 10:44:45 current num of max point: 1
2022/10/17 PM 10:44:45 n_point = 1 MSE: 0.599181969287774
2022/10/17 PM 10:44:46 n_point = 1 MSE: 0.599181969287774
2022/10/17 PM 10:44:46 n_point = 1 MSE: 0.599181969287774
2022/10/17 PM 10:44:46 n_point = 1 MSE: 0.599181969287774
2022/10/17 PM 10:44:46 n_point = 1 MSE: 0.599181969287774
2022/10/17 PM 10:44:46 current num of max point: 2
2022/10/17 PM 10:44:46 n_point = 2 MSE: 0.3023479008566029
2022/10/17 PM 10:44:46 n_point = 2 MSE: 0.3023479008566029
2022/10/17 PM 10:44:46 n_point = 2 MSE: 0.3023479008566029
2022/10/17 PM 10:44:46 n_point = 2 MSE: 0.1196211676909784
2022/10/17 PM 10:44:46 n_point = 2 MSE: 0.3023479008566029
2022/10/17 PM 10:44:46 current num of max point: 3
2022/10/17 PM 10:44:46 n_point = 3 MSE: 0.23752160398343145
2022/10/17 PM 10:44:46 n_point = 3 MSE: 0.23752160398343145
2022/10/17 PM 10:44:46 n_point = 3 MSE: 0.23752160398343145
2022/10/17 PM 10:44:46 n_point = 3 MSE: 0.23752160398343145
2022/10/17 PM 10:44:46 n_point = 3 MSE: 0.23752160398343145
2022/10/17 PM 10:44:46 final num of center: 2
2022/10/17 PM 10:44:46 Individual MSE: [0.08386588 0.18077   ]
2022/10/17 PM 10:44:46 ======Layer 1======
2022/10/17 PM 10:44:46 current num of max point: 1
2022/10/17 PM 10:44:47 n_point = 1 MSE: 0.10873137436252198
2022/10/17 PM 10:44:47 n_point = 1 MSE: 0.10873137436252198
2022/10/17 PM 10:44:47 n_point = 1 MSE: 0.10873137436252198
2022/10/17 PM 10:44:47 n_point = 1 MSE: 0.10873137436252198
2022/10/17 PM 10:44:48 n_point = 1 MSE: 0.10873137436252198
2022/10/17 PM 10:44:48 current num of max point: 2
2022/10/17 PM 10:44:48 n_point = 2 MSE: 0.10529796823451049
2022/10/17 PM 10:44:48 n_point = 2 MSE: 0.10529796823451049
2022/10/17 PM 10:44:48 n_point = 2 MSE: 0.10529796823451049
2022/10/17 PM 10:44:48 n_point = 2 MSE: 0.10529796823451049
2022/10/17 PM 10:44:48 n_point = 2 MSE: 0.10529796823451049
2022/10/17 PM 10:44:48 current num of max point: 3
2022/10/17 PM 10:44:48 n_point = 3 MSE: 0.106292362289341
2022/10/17 PM 10:44:48 n_point = 3 MSE: 0.106292362289341
2022/10/17 PM 10:44:48 n_point = 3 MSE: 0.106292362289341
2022/10/17 PM 10:44:48 n_point = 3 MSE: 0.106292362289341
2022/10/17 PM 10:44:48 n_point = 3 MSE: 0.106292362289341
2022/10/17 PM 10:44:48 final num of center: 4
2022/10/17 PM 10:44:48 Individual MSE: [0.06303378 0.11860491]
2022/10/17 PM 10:44:48 current num of max point: 1
2022/10/17 PM 10:44:48 n_point = 1 MSE: 0.11865498563173398
2022/10/17 PM 10:44:48 n_point = 1 MSE: 0.11865498563173398
2022/10/17 PM 10:44:48 n_point = 1 MSE: 0.11865498563173398
2022/10/17 PM 10:44:49 n_point = 1 MSE: 0.11865498563173398
2022/10/17 PM 10:44:49 n_point = 1 MSE: 0.11865498563173398
2022/10/17 PM 10:44:49 current num of max point: 2
2022/10/17 PM 10:44:49 n_point = 2 MSE: 0.24953912947462395
2022/10/17 PM 10:44:49 n_point = 2 MSE: 0.24953912947462395
2022/10/17 PM 10:44:49 n_point = 2 MSE: 0.24953912947462395
2022/10/17 PM 10:44:49 n_point = 2 MSE: 0.24953912947462395
2022/10/17 PM 10:44:49 n_point = 2 MSE: 0.24953912947462395
2022/10/17 PM 10:44:49 current num of max point: 3
2022/10/17 PM 10:44:49 n_point = 3 MSE: 0.11962595772524426
2022/10/17 PM 10:44:49 n_point = 3 MSE: 0.3073293165629074
2022/10/17 PM 10:44:49 n_point = 3 MSE: 0.11962595772524426
2022/10/17 PM 10:44:49 n_point = 3 MSE: 0.11962595772524426
2022/10/17 PM 10:44:49 n_point = 3 MSE: 0.1143772662786417
2022/10/17 PM 10:44:49 final num of center: 7
2022/10/17 PM 10:44:49 Individual MSE: [0.08930074 0.23746271 0.1283003 ]
2022/10/17 PM 10:44:49 ======Layer 2======
2022/10/17 PM 10:44:49 current num of max point: 1
2022/10/17 PM 10:44:49 n_point = 1 MSE: 0.10333875515976046
2022/10/17 PM 10:44:50 n_point = 1 MSE: 0.10333875515976046
2022/10/17 PM 10:44:50 n_point = 1 MSE: 0.10333875515976046
2022/10/17 PM 10:44:50 n_point = 1 MSE: 0.10333875515976046
2022/10/17 PM 10:44:50 n_point = 1 MSE: 0.10333875515976046
2022/10/17 PM 10:44:50 current num of max point: 2
2022/10/17 PM 10:44:50 n_point = 2 MSE: 0.10434580176413458
2022/10/17 PM 10:44:50 n_point = 2 MSE: 0.10434580176413458
2022/10/17 PM 10:44:50 n_point = 2 MSE: 0.10434580176413458
2022/10/17 PM 10:44:50 n_point = 2 MSE: 0.10434580176413458
2022/10/17 PM 10:44:50 n_point = 2 MSE: 0.10434580176413458
2022/10/17 PM 10:44:50 current num of max point: 3
2022/10/17 PM 10:44:50 n_point = 3 MSE: 0.10360126066006081
2022/10/17 PM 10:44:50 n_point = 3 MSE: 0.21628327595673283
2022/10/17 PM 10:44:50 n_point = 3 MSE: 0.21628327595673283
2022/10/17 PM 10:44:50 n_point = 3 MSE: 0.21628327595673283
2022/10/17 PM 10:44:50 n_point = 3 MSE: 0.21628327595673283
2022/10/17 PM 10:44:50 final num of center: 8
2022/10/17 PM 10:44:50 Individual MSE: [0.10333876]
2022/10/17 PM 10:44:50 current num of max point: 1
2022/10/17 PM 10:44:51 n_point = 1 MSE: 0.10490476469330039
2022/10/17 PM 10:44:51 n_point = 1 MSE: 0.10490476469330039
2022/10/17 PM 10:44:51 n_point = 1 MSE: 0.10490476469330039
2022/10/17 PM 10:44:51 n_point = 1 MSE: 0.10490476469330039
2022/10/17 PM 10:44:51 n_point = 1 MSE: 0.10490476469330039
2022/10/17 PM 10:44:51 current num of max point: 2
2022/10/17 PM 10:44:51 n_point = 2 MSE: 0.10624457447550337
2022/10/17 PM 10:44:52 n_point = 2 MSE: 0.10624457447550337
2022/10/17 PM 10:44:52 n_point = 2 MSE: 0.10624457447550337
2022/10/17 PM 10:44:52 n_point = 2 MSE: 0.10624457447550337
2022/10/17 PM 10:44:52 n_point = 2 MSE: 0.10624457447550337
2022/10/17 PM 10:44:52 current num of max point: 3
2022/10/17 PM 10:44:52 n_point = 3 MSE: 0.10526940871019907
2022/10/17 PM 10:44:52 n_point = 3 MSE: 0.10526940871019907
2022/10/17 PM 10:44:52 n_point = 3 MSE: 0.10526940871019907
2022/10/17 PM 10:44:52 n_point = 3 MSE: 0.10526940871019907
2022/10/17 PM 10:44:52 n_point = 3 MSE: 0.10526940871019907
2022/10/17 PM 10:44:52 final num of center: 9
2022/10/17 PM 10:44:52 Individual MSE: [0.10490476]
2022/10/17 PM 10:44:52 current num of max point: 1
2022/10/17 PM 10:44:52 n_point = 1 MSE: 0.10845583582221255
2022/10/17 PM 10:44:52 n_point = 1 MSE: 0.10845583582221255
2022/10/17 PM 10:44:52 n_point = 1 MSE: 0.10845583582221255
2022/10/17 PM 10:44:53 n_point = 1 MSE: 0.10845583582221255
2022/10/17 PM 10:44:53 n_point = 1 MSE: 0.10845583582221255
2022/10/17 PM 10:44:53 current num of max point: 2
2022/10/17 PM 10:44:53 n_point = 2 MSE: 0.41331496719448746
2022/10/17 PM 10:44:53 n_point = 2 MSE: 0.41331496719448746
2022/10/17 PM 10:44:53 n_point = 2 MSE: 0.41331496719448746
2022/10/17 PM 10:44:53 n_point = 2 MSE: 0.41331496719448746
2022/10/17 PM 10:44:53 n_point = 2 MSE: 0.41331496719448746
2022/10/17 PM 10:44:53 current num of max point: 3
2022/10/17 PM 10:44:53 n_point = 3 MSE: 0.11360622980654987
2022/10/17 PM 10:44:53 n_point = 3 MSE: 0.29735164856536633
2022/10/17 PM 10:44:53 n_point = 3 MSE: 0.11360622980654987
2022/10/17 PM 10:44:53 n_point = 3 MSE: 0.11360622980654987
2022/10/17 PM 10:44:53 n_point = 3 MSE: 0.11360622980654987
2022/10/17 PM 10:44:53 final num of center: 10
2022/10/17 PM 10:44:53 Individual MSE: [0.10845584]
2022/10/17 PM 10:44:53 current num of max point: 1
2022/10/17 PM 10:44:53 n_point = 1 MSE: 0.11385239852715998
2022/10/17 PM 10:44:53 n_point = 1 MSE: 0.11385239852715998
2022/10/17 PM 10:44:54 n_point = 1 MSE: 0.11385239852715998
2022/10/17 PM 10:44:54 n_point = 1 MSE: 0.11385239852715998
2022/10/17 PM 10:44:54 n_point = 1 MSE: 0.11385239852715998
2022/10/17 PM 10:44:54 current num of max point: 2
2022/10/17 PM 10:44:54 n_point = 2 MSE: 0.11275344087780081
2022/10/17 PM 10:44:54 n_point = 2 MSE: 0.11275344087780081
2022/10/17 PM 10:44:54 n_point = 2 MSE: 0.11275344087780081
2022/10/17 PM 10:44:54 n_point = 2 MSE: 0.11563382137890181
2022/10/17 PM 10:44:54 n_point = 2 MSE: 0.11275344087780081
2022/10/17 PM 10:44:54 current num of max point: 3
2022/10/17 PM 10:44:54 n_point = 3 MSE: 0.1114747029955083
2022/10/17 PM 10:44:54 n_point = 3 MSE: 0.1120043799654032
2022/10/17 PM 10:44:54 n_point = 3 MSE: 0.1114747029955083
2022/10/17 PM 10:44:54 n_point = 3 MSE: 0.1114747029955083
2022/10/17 PM 10:44:54 n_point = 3 MSE: 0.1120043799654032
2022/10/17 PM 10:44:54 final num of center: 13
2022/10/17 PM 10:44:54 Individual MSE: [0.06574103 0.45542389 0.11633271]
2022/10/17 PM 10:44:54 current num of max point: 1
2022/10/17 PM 10:44:54 n_point = 1 MSE: 0.1101683092432735
2022/10/17 PM 10:44:55 n_point = 1 MSE: 0.1101683092432735
2022/10/17 PM 10:44:55 n_point = 1 MSE: 0.1101683092432735
2022/10/17 PM 10:44:55 n_point = 1 MSE: 0.1101683092432735
2022/10/17 PM 10:44:55 n_point = 1 MSE: 0.1101683092432735
2022/10/17 PM 10:44:55 current num of max point: 2
2022/10/17 PM 10:44:55 n_point = 2 MSE: 0.11217716555530556
2022/10/17 PM 10:44:55 n_point = 2 MSE: 0.11217716555530556
2022/10/17 PM 10:44:55 n_point = 2 MSE: 0.11217716555530556
2022/10/17 PM 10:44:55 n_point = 2 MSE: 0.11217716555530556
2022/10/17 PM 10:44:55 n_point = 2 MSE: 0.11217716555530556
2022/10/17 PM 10:44:55 current num of max point: 3
2022/10/17 PM 10:44:55 n_point = 3 MSE: 0.11445992574113038
2022/10/17 PM 10:44:55 n_point = 3 MSE: 0.11203454581994757
2022/10/17 PM 10:44:55 n_point = 3 MSE: 0.11445992574113038
2022/10/17 PM 10:44:55 n_point = 3 MSE: 0.11203454581994757
2022/10/17 PM 10:44:56 n_point = 3 MSE: 0.11445992574113038
2022/10/17 PM 10:44:56 final num of center: 14
2022/10/17 PM 10:44:56 Individual MSE: [0.11016831]
2022/10/17 PM 10:44:56 ======Layer 3======
2022/10/17 PM 10:44:56 current num of max point: 1
2022/10/17 PM 10:44:56 n_point = 1 MSE: 0.10333875515976046
2022/10/17 PM 10:44:56 n_point = 1 MSE: 0.10333875515976046
2022/10/17 PM 10:44:56 n_point = 1 MSE: 0.10333875515976046
2022/10/17 PM 10:44:56 n_point = 1 MSE: 0.10333875515976046
2022/10/17 PM 10:44:57 n_point = 1 MSE: 0.10333875515976046
2022/10/17 PM 10:44:57 current num of max point: 2
2022/10/17 PM 10:44:57 n_point = 2 MSE: 0.10434580176413458
2022/10/17 PM 10:44:57 n_point = 2 MSE: 0.10434580176413458
2022/10/17 PM 10:44:57 n_point = 2 MSE: 0.10434580176413458
2022/10/17 PM 10:44:57 n_point = 2 MSE: 0.10434580176413458
2022/10/17 PM 10:44:57 n_point = 2 MSE: 0.10434580176413458
2022/10/17 PM 10:44:57 current num of max point: 3
2022/10/17 PM 10:44:57 n_point = 3 MSE: 0.21628327595673283
2022/10/17 PM 10:44:57 n_point = 3 MSE: 0.21628327595673283
2022/10/17 PM 10:44:57 n_point = 3 MSE: 0.21628327595673283
2022/10/17 PM 10:44:57 n_point = 3 MSE: 0.21628327595673283
2022/10/17 PM 10:44:57 n_point = 3 MSE: 0.21628327595673283
2022/10/17 PM 10:44:57 final num of center: 15
2022/10/17 PM 10:44:57 Individual MSE: [0.10333876]
2022/10/17 PM 10:44:57 current num of max point: 1
2022/10/17 PM 10:44:57 n_point = 1 MSE: 0.10490476469330039
2022/10/17 PM 10:44:57 n_point = 1 MSE: 0.10490476469330039
2022/10/17 PM 10:44:57 n_point = 1 MSE: 0.10490476469330039
2022/10/17 PM 10:44:58 n_point = 1 MSE: 0.10490476469330039
2022/10/17 PM 10:44:58 n_point = 1 MSE: 0.10490476469330039
2022/10/17 PM 10:44:58 current num of max point: 2
2022/10/17 PM 10:44:58 n_point = 2 MSE: 0.10624457447550337
2022/10/17 PM 10:44:58 n_point = 2 MSE: 0.10624457447550337
2022/10/17 PM 10:44:58 n_point = 2 MSE: 0.10624457447550337
2022/10/17 PM 10:44:58 n_point = 2 MSE: 0.10624457447550337
2022/10/17 PM 10:44:58 n_point = 2 MSE: 0.10624457447550337
2022/10/17 PM 10:44:58 current num of max point: 3
2022/10/17 PM 10:44:58 n_point = 3 MSE: 0.10526940871019907
2022/10/17 PM 10:44:58 n_point = 3 MSE: 0.10526940871019907
2022/10/17 PM 10:44:58 n_point = 3 MSE: 0.10526940871019907
2022/10/17 PM 10:44:58 n_point = 3 MSE: 0.10526940871019907
2022/10/17 PM 10:44:58 n_point = 3 MSE: 0.10526940871019907
2022/10/17 PM 10:44:58 final num of center: 16
2022/10/17 PM 10:44:58 Individual MSE: [0.10490476]
2022/10/17 PM 10:44:58 current num of max point: 1
2022/10/17 PM 10:44:58 n_point = 1 MSE: 0.10845583582221255
2022/10/17 PM 10:44:59 n_point = 1 MSE: 0.10845583582221255
2022/10/17 PM 10:44:59 n_point = 1 MSE: 0.10845583582221255
2022/10/17 PM 10:44:59 n_point = 1 MSE: 0.10845583582221255
2022/10/17 PM 10:44:59 n_point = 1 MSE: 0.10845583582221255
2022/10/17 PM 10:44:59 current num of max point: 2
2022/10/17 PM 10:44:59 n_point = 2 MSE: 0.41331496719448746
2022/10/17 PM 10:44:59 n_point = 2 MSE: 0.3256810947550857
2022/10/17 PM 10:44:59 n_point = 2 MSE: 0.41331496719448746
2022/10/17 PM 10:44:59 n_point = 2 MSE: 0.41331496719448746
2022/10/17 PM 10:44:59 n_point = 2 MSE: 0.41331496719448746
2022/10/17 PM 10:44:59 current num of max point: 3
2022/10/17 PM 10:44:59 n_point = 3 MSE: 0.1149340252814786
2022/10/17 PM 10:44:59 n_point = 3 MSE: 0.11360622980654987
2022/10/17 PM 10:44:59 n_point = 3 MSE: 0.1149340252814786
2022/10/17 PM 10:44:59 n_point = 3 MSE: 0.11360622980654987
2022/10/17 PM 10:44:59 n_point = 3 MSE: 0.11360622980654987
2022/10/17 PM 10:44:59 final num of center: 17
2022/10/17 PM 10:44:59 Individual MSE: [0.10845584]
2022/10/17 PM 10:44:59 current num of max point: 1
2022/10/17 PM 10:45:00 n_point = 1 MSE: 0.10413782004929903
2022/10/17 PM 10:45:00 n_point = 1 MSE: 0.10413782004929903
2022/10/17 PM 10:45:00 n_point = 1 MSE: 0.10413782004929903
2022/10/17 PM 10:45:00 n_point = 1 MSE: 0.10413782004929903
2022/10/17 PM 10:45:01 n_point = 1 MSE: 0.10413782004929903
2022/10/17 PM 10:45:01 current num of max point: 2
2022/10/17 PM 10:45:01 n_point = 2 MSE: 0.10498816436221745
2022/10/17 PM 10:45:01 n_point = 2 MSE: 0.10498816436221745
2022/10/17 PM 10:45:01 n_point = 2 MSE: 0.10498816436221745
2022/10/17 PM 10:45:01 n_point = 2 MSE: 0.10498816436221745
2022/10/17 PM 10:45:01 n_point = 2 MSE: 0.10498816436221745
2022/10/17 PM 10:45:01 current num of max point: 3
2022/10/17 PM 10:45:01 n_point = 3 MSE: 0.10777806253835341
2022/10/17 PM 10:45:01 n_point = 3 MSE: 0.10777806253835341
2022/10/17 PM 10:45:01 n_point = 3 MSE: 0.10777806253835341
2022/10/17 PM 10:45:01 n_point = 3 MSE: 0.10777806253835341
2022/10/17 PM 10:45:01 n_point = 3 MSE: 0.10777806253835341
2022/10/17 PM 10:45:01 final num of center: 18
2022/10/17 PM 10:45:01 Individual MSE: [0.10413782]
2022/10/17 PM 10:45:01 current num of max point: 1
2022/10/17 PM 10:45:01 n_point = 1 MSE: 0.1119916327783994
2022/10/17 PM 10:45:01 n_point = 1 MSE: 0.1119916327783994
2022/10/17 PM 10:45:01 n_point = 1 MSE: 0.1119916327783994
2022/10/17 PM 10:45:02 n_point = 1 MSE: 0.1119916327783994
2022/10/17 PM 10:45:02 n_point = 1 MSE: 0.1119916327783994
2022/10/17 PM 10:45:02 current num of max point: 2
2022/10/17 PM 10:45:02 n_point = 2 MSE: 0.11052828487789072
2022/10/17 PM 10:45:02 n_point = 2 MSE: 0.11052828487789072
2022/10/17 PM 10:45:02 n_point = 2 MSE: 0.11052828487789072
2022/10/17 PM 10:45:02 n_point = 2 MSE: 0.11052828487789072
2022/10/17 PM 10:45:02 n_point = 2 MSE: 0.11052828487789072
2022/10/17 PM 10:45:02 current num of max point: 3
2022/10/17 PM 10:45:02 n_point = 3 MSE: 0.11039749372800162
2022/10/17 PM 10:45:02 n_point = 3 MSE: 0.11039749372800162
2022/10/17 PM 10:45:02 n_point = 3 MSE: 0.11039749372800162
2022/10/17 PM 10:45:02 n_point = 3 MSE: 0.11039749372800162
2022/10/17 PM 10:45:02 n_point = 3 MSE: 0.11039749372800162
2022/10/17 PM 10:45:02 final num of center: 21
2022/10/17 PM 10:45:02 Individual MSE: [0.10974896 0.18688334 0.0052868 ]
2022/10/17 PM 10:45:02 current num of max point: 1
2022/10/17 PM 10:45:02 n_point = 1 MSE: 0.10799871144519
2022/10/17 PM 10:45:02 n_point = 1 MSE: 0.10799871144519
2022/10/17 PM 10:45:03 n_point = 1 MSE: 0.10799871144519
2022/10/17 PM 10:45:03 n_point = 1 MSE: 0.10799871144519
2022/10/17 PM 10:45:03 n_point = 1 MSE: 0.10799871144519
2022/10/17 PM 10:45:03 current num of max point: 2
2022/10/17 PM 10:45:03 n_point = 2 MSE: 0.10799001999556551
2022/10/17 PM 10:45:03 n_point = 2 MSE: 0.10799001999556551
2022/10/17 PM 10:45:03 n_point = 2 MSE: 0.10799001999556551
2022/10/17 PM 10:45:03 n_point = 2 MSE: 0.10799001999556551
2022/10/17 PM 10:45:03 n_point = 2 MSE: 0.10799001999556551
2022/10/17 PM 10:45:03 current num of max point: 3
2022/10/17 PM 10:45:03 n_point = 3 MSE: 0.12457060809059928
2022/10/17 PM 10:45:03 n_point = 3 MSE: 0.12457060809059928
2022/10/17 PM 10:45:03 n_point = 3 MSE: 0.12457060809059928
2022/10/17 PM 10:45:03 n_point = 3 MSE: 0.12457060809059928
2022/10/17 PM 10:45:03 n_point = 3 MSE: 0.10912979935922718
2022/10/17 PM 10:45:03 final num of center: 23
2022/10/17 PM 10:45:03 Individual MSE: [0.10845005 0.00663113]
2022/10/17 PM 10:45:03 current num of max point: 1
2022/10/17 PM 10:45:03 n_point = 1 MSE: 0.1101683092432735
2022/10/17 PM 10:45:04 n_point = 1 MSE: 0.1101683092432735
2022/10/17 PM 10:45:04 n_point = 1 MSE: 0.1101683092432735
2022/10/17 PM 10:45:04 n_point = 1 MSE: 0.1101683092432735
2022/10/17 PM 10:45:04 n_point = 1 MSE: 0.1101683092432735
2022/10/17 PM 10:45:04 current num of max point: 2
2022/10/17 PM 10:45:04 n_point = 2 MSE: 0.11217716555530556
2022/10/17 PM 10:45:04 n_point = 2 MSE: 0.11217716555530556
2022/10/17 PM 10:45:04 n_point = 2 MSE: 0.11217716555530556
2022/10/17 PM 10:45:04 n_point = 2 MSE: 0.11217716555530556
2022/10/17 PM 10:45:04 n_point = 2 MSE: 0.11217716555530556
2022/10/17 PM 10:45:04 current num of max point: 3
2022/10/17 PM 10:45:04 n_point = 3 MSE: 0.11203454581994757
2022/10/17 PM 10:45:04 n_point = 3 MSE: 0.10927854857675989
2022/10/17 PM 10:45:04 n_point = 3 MSE: 0.11445992574113038
2022/10/17 PM 10:45:04 n_point = 3 MSE: 0.11203454581994757
2022/10/17 PM 10:45:04 n_point = 3 MSE: 0.11342265726758637
2022/10/17 PM 10:45:04 final num of center: 26
2022/10/17 PM 10:45:04 Individual MSE: [0.08055199 0.19312886 0.21279808]
2022/10/17 PM 10:45:04 ======Layer 4======
2022/10/17 PM 10:45:04 current num of max point: 1
2022/10/17 PM 10:45:05 n_point = 1 MSE: 0.10333875515976046
2022/10/17 PM 10:45:05 n_point = 1 MSE: 0.10333875515976046
2022/10/17 PM 10:45:05 n_point = 1 MSE: 0.10333875515976046
2022/10/17 PM 10:45:05 n_point = 1 MSE: 0.10333875515976046
2022/10/17 PM 10:45:05 n_point = 1 MSE: 0.10333875515976046
2022/10/17 PM 10:45:05 current num of max point: 2
2022/10/17 PM 10:45:05 n_point = 2 MSE: 0.10434580176413458
2022/10/17 PM 10:45:05 n_point = 2 MSE: 0.10434580176413458
2022/10/17 PM 10:45:05 n_point = 2 MSE: 0.10434580176413458
2022/10/17 PM 10:45:05 n_point = 2 MSE: 0.10434580176413458
2022/10/17 PM 10:45:06 n_point = 2 MSE: 0.10434580176413458
2022/10/17 PM 10:45:06 current num of max point: 3
2022/10/17 PM 10:45:06 n_point = 3 MSE: 0.21628327595673283
2022/10/17 PM 10:45:06 n_point = 3 MSE: 0.21628327595673283
2022/10/17 PM 10:45:06 n_point = 3 MSE: 0.21628327595673283
2022/10/17 PM 10:45:06 n_point = 3 MSE: 0.21628327595673283
2022/10/17 PM 10:45:06 n_point = 3 MSE: 0.21628327595673283
2022/10/17 PM 10:45:06 final num of center: 27
2022/10/17 PM 10:45:06 Individual MSE: [0.10333876]
2022/10/17 PM 10:45:06 current num of max point: 1
2022/10/17 PM 10:45:06 n_point = 1 MSE: 0.10490476469330039
2022/10/17 PM 10:45:06 n_point = 1 MSE: 0.10490476469330039
2022/10/17 PM 10:45:06 n_point = 1 MSE: 0.10490476469330039
2022/10/17 PM 10:45:06 n_point = 1 MSE: 0.10490476469330039
2022/10/17 PM 10:45:07 n_point = 1 MSE: 0.10490476469330039
2022/10/17 PM 10:45:07 current num of max point: 2
2022/10/17 PM 10:45:07 n_point = 2 MSE: 0.10624457447550337
2022/10/17 PM 10:45:07 n_point = 2 MSE: 0.10624457447550337
2022/10/17 PM 10:45:07 n_point = 2 MSE: 0.10624457447550337
2022/10/17 PM 10:45:07 n_point = 2 MSE: 0.10624457447550337
2022/10/17 PM 10:45:07 n_point = 2 MSE: 0.10624457447550337
2022/10/17 PM 10:45:07 current num of max point: 3
2022/10/17 PM 10:45:07 n_point = 3 MSE: 0.10526940871019907
2022/10/17 PM 10:45:07 n_point = 3 MSE: 0.10526940871019907
2022/10/17 PM 10:45:07 n_point = 3 MSE: 0.10526940871019907
2022/10/17 PM 10:45:07 n_point = 3 MSE: 0.10526940871019907
2022/10/17 PM 10:45:07 n_point = 3 MSE: 0.10526940871019907
2022/10/17 PM 10:45:07 final num of center: 28
2022/10/17 PM 10:45:07 Individual MSE: [0.10490476]
2022/10/17 PM 10:45:07 current num of max point: 1
2022/10/17 PM 10:45:07 n_point = 1 MSE: 0.10845583582221255
2022/10/17 PM 10:45:07 n_point = 1 MSE: 0.10845583582221255
2022/10/17 PM 10:45:08 n_point = 1 MSE: 0.10845583582221255
2022/10/17 PM 10:45:08 n_point = 1 MSE: 0.10845583582221255
2022/10/17 PM 10:45:08 n_point = 1 MSE: 0.10845583582221255
2022/10/17 PM 10:45:08 current num of max point: 2
2022/10/17 PM 10:45:08 n_point = 2 MSE: 0.41331496719448746
2022/10/17 PM 10:45:08 n_point = 2 MSE: 0.41331496719448746
2022/10/17 PM 10:45:08 n_point = 2 MSE: 0.41331496719448746
2022/10/17 PM 10:45:08 n_point = 2 MSE: 0.41331496719448746
2022/10/17 PM 10:45:08 n_point = 2 MSE: 0.41331496719448746
2022/10/17 PM 10:45:08 current num of max point: 3
2022/10/17 PM 10:45:08 n_point = 3 MSE: 0.11360622980654987
2022/10/17 PM 10:45:08 n_point = 3 MSE: 0.11360622980654987
2022/10/17 PM 10:45:08 n_point = 3 MSE: 0.11360622980654987
2022/10/17 PM 10:45:08 n_point = 3 MSE: 0.11360622980654987
2022/10/17 PM 10:45:08 n_point = 3 MSE: 0.11360622980654987
2022/10/17 PM 10:45:08 final num of center: 29
2022/10/17 PM 10:45:08 Individual MSE: [0.10845584]
2022/10/17 PM 10:45:08 current num of max point: 1
2022/10/17 PM 10:45:08 n_point = 1 MSE: 0.10413782004929903
2022/10/17 PM 10:45:09 n_point = 1 MSE: 0.10413782004929903
2022/10/17 PM 10:45:09 n_point = 1 MSE: 0.10413782004929903
2022/10/17 PM 10:45:09 n_point = 1 MSE: 0.10413782004929903
2022/10/17 PM 10:45:09 n_point = 1 MSE: 0.10413782004929903
2022/10/17 PM 10:45:09 current num of max point: 2
2022/10/17 PM 10:45:09 n_point = 2 MSE: 0.10498816436221745
2022/10/17 PM 10:45:09 n_point = 2 MSE: 0.10498816436221745
2022/10/17 PM 10:45:09 n_point = 2 MSE: 0.10498816436221745
2022/10/17 PM 10:45:09 n_point = 2 MSE: 0.10498816436221745
2022/10/17 PM 10:45:09 n_point = 2 MSE: 0.10498816436221745
2022/10/17 PM 10:45:09 current num of max point: 3
2022/10/17 PM 10:45:09 n_point = 3 MSE: 0.10777806253835341
2022/10/17 PM 10:45:09 n_point = 3 MSE: 0.10777806253835341
2022/10/17 PM 10:45:09 n_point = 3 MSE: 0.10777806253835341
2022/10/17 PM 10:45:09 n_point = 3 MSE: 0.10777806253835341
2022/10/17 PM 10:45:09 n_point = 3 MSE: 0.10777806253835341
2022/10/17 PM 10:45:09 final num of center: 30
2022/10/17 PM 10:45:09 Individual MSE: [0.10413782]
2022/10/17 PM 10:45:09 current num of max point: 1
2022/10/17 PM 10:45:10 n_point = 1 MSE: 0.1119916327783994
2022/10/17 PM 10:45:10 n_point = 1 MSE: 0.1119916327783994
2022/10/17 PM 10:45:10 n_point = 1 MSE: 0.1119916327783994
2022/10/17 PM 10:45:10 n_point = 1 MSE: 0.1119916327783994
2022/10/17 PM 10:45:10 n_point = 1 MSE: 0.1119916327783994
2022/10/17 PM 10:45:10 current num of max point: 2
2022/10/17 PM 10:45:10 n_point = 2 MSE: 0.11045750813049982
2022/10/17 PM 10:45:10 n_point = 2 MSE: 0.11045750813049982
2022/10/17 PM 10:45:11 n_point = 2 MSE: 0.11045750813049982
2022/10/17 PM 10:45:11 n_point = 2 MSE: 0.11045750813049982
2022/10/17 PM 10:45:11 n_point = 2 MSE: 0.11045750813049982
2022/10/17 PM 10:45:11 current num of max point: 3
2022/10/17 PM 10:45:11 n_point = 3 MSE: 0.17052891397873632
2022/10/17 PM 10:45:11 n_point = 3 MSE: 0.17052891397873632
2022/10/17 PM 10:45:11 n_point = 3 MSE: 0.17052891397873632
2022/10/17 PM 10:45:11 n_point = 3 MSE: 0.17052891397873632
2022/10/17 PM 10:45:11 n_point = 3 MSE: 0.17052891397873632
2022/10/17 PM 10:45:11 final num of center: 32
2022/10/17 PM 10:45:11 Individual MSE: [0.         0.11062411]
2022/10/17 PM 10:45:11 current num of max point: 1
2022/10/17 PM 10:45:11 n_point = 1 MSE: 0.11115016355414796
2022/10/17 PM 10:45:11 n_point = 1 MSE: 0.11115016355414796
2022/10/17 PM 10:45:11 n_point = 1 MSE: 0.11115016355414796
2022/10/17 PM 10:45:12 n_point = 1 MSE: 0.11115016355414796
2022/10/17 PM 10:45:12 n_point = 1 MSE: 0.11115016355414796
2022/10/17 PM 10:45:12 final num of center: 33
2022/10/17 PM 10:45:12 Individual MSE: [0.11115016]
2022/10/17 PM 10:45:12 current num of max point: 1
2022/10/17 PM 10:45:12 n_point = 1 MSE: 0.10799871144519
2022/10/17 PM 10:45:12 n_point = 1 MSE: 0.10799871144519
2022/10/17 PM 10:45:12 n_point = 1 MSE: 0.10799871144519
2022/10/17 PM 10:45:13 n_point = 1 MSE: 0.10799871144519
2022/10/17 PM 10:45:13 n_point = 1 MSE: 0.10799871144519
2022/10/17 PM 10:45:13 current num of max point: 2
2022/10/17 PM 10:45:13 n_point = 2 MSE: 0.12457929954022376
2022/10/17 PM 10:45:13 n_point = 2 MSE: 0.12457929954022376
2022/10/17 PM 10:45:13 n_point = 2 MSE: 0.12457929954022376
2022/10/17 PM 10:45:13 n_point = 2 MSE: 0.12457929954022376
2022/10/17 PM 10:45:13 n_point = 2 MSE: 0.12457929954022376
2022/10/17 PM 10:45:13 current num of max point: 3
2022/10/17 PM 10:45:13 n_point = 3 MSE: 0.10690276531393511
2022/10/17 PM 10:45:13 n_point = 3 MSE: 0.10702468514691192
2022/10/17 PM 10:45:13 n_point = 3 MSE: 0.1265423788987461
2022/10/17 PM 10:45:13 n_point = 3 MSE: 0.10811280281381323
2022/10/17 PM 10:45:13 n_point = 3 MSE: 0.11801821684911785
2022/10/17 PM 10:45:13 final num of center: 36
2022/10/17 PM 10:45:13 Individual MSE: [0.09396085 0.20548159 0.19228076]
2022/10/17 PM 10:45:13 current num of max point: 1
2022/10/17 PM 10:45:13 n_point = 1 MSE: 0.10326998729791419
2022/10/17 PM 10:45:13 n_point = 1 MSE: 0.10326998729791419
2022/10/17 PM 10:45:14 n_point = 1 MSE: 0.10326998729791419
2022/10/17 PM 10:45:14 n_point = 1 MSE: 0.10326998729791419
2022/10/17 PM 10:45:14 n_point = 1 MSE: 0.10326998729791419
2022/10/17 PM 10:45:14 current num of max point: 2
2022/10/17 PM 10:45:14 n_point = 2 MSE: 0.14144480017685684
2022/10/17 PM 10:45:14 n_point = 2 MSE: 0.14144480017685684
2022/10/17 PM 10:45:14 n_point = 2 MSE: 0.14144480017685684
2022/10/17 PM 10:45:14 n_point = 2 MSE: 0.14144480017685684
2022/10/17 PM 10:45:14 n_point = 2 MSE: 0.14144480017685684
2022/10/17 PM 10:45:14 current num of max point: 3
2022/10/17 PM 10:45:14 n_point = 3 MSE: 0.13679524281988015
2022/10/17 PM 10:45:14 n_point = 3 MSE: 0.13679524281988015
2022/10/17 PM 10:45:14 n_point = 3 MSE: 0.13679524281988015
2022/10/17 PM 10:45:14 n_point = 3 MSE: 0.13679524281988015
2022/10/17 PM 10:45:14 n_point = 3 MSE: 0.13679524281988015
2022/10/17 PM 10:45:14 final num of center: 37
2022/10/17 PM 10:45:14 Individual MSE: [0.10326999]
2022/10/17 PM 10:45:14 current num of max point: 1
2022/10/17 PM 10:45:14 n_point = 1 MSE: 0.1167172234575933
2022/10/17 PM 10:45:15 n_point = 1 MSE: 0.1167172234575933
2022/10/17 PM 10:45:15 n_point = 1 MSE: 0.1167172234575933
2022/10/17 PM 10:45:15 n_point = 1 MSE: 0.1167172234575933
2022/10/17 PM 10:45:15 n_point = 1 MSE: 0.1167172234575933
2022/10/17 PM 10:45:15 current num of max point: 2
2022/10/17 PM 10:45:15 n_point = 2 MSE: 0.10990509673570834
2022/10/17 PM 10:45:15 n_point = 2 MSE: 0.10990509673570834
2022/10/17 PM 10:45:15 n_point = 2 MSE: 0.10990509673570834
2022/10/17 PM 10:45:15 n_point = 2 MSE: 0.10990509673570834
2022/10/17 PM 10:45:15 n_point = 2 MSE: 0.10990509673570834
2022/10/17 PM 10:45:15 current num of max point: 3
2022/10/17 PM 10:45:15 n_point = 3 MSE: 0.11070429326429454
2022/10/17 PM 10:45:15 n_point = 3 MSE: 0.14145371664962933
2022/10/17 PM 10:45:15 n_point = 3 MSE: 0.14145371664962933
2022/10/17 PM 10:45:15 n_point = 3 MSE: 0.14145371664962933
2022/10/17 PM 10:45:15 n_point = 3 MSE: 0.14145371664962933
2022/10/17 PM 10:45:15 final num of center: 39
2022/10/17 PM 10:45:15 Individual MSE: [0.11047305 0.01619201]
2022/10/17 PM 10:45:15 current num of max point: 1
2022/10/17 PM 10:45:16 n_point = 1 MSE: 0.110633479999999
2022/10/17 PM 10:45:16 n_point = 1 MSE: 0.110633479999999
2022/10/17 PM 10:45:16 n_point = 1 MSE: 0.110633479999999
2022/10/17 PM 10:45:16 n_point = 1 MSE: 0.110633479999999
2022/10/17 PM 10:45:17 n_point = 1 MSE: 0.110633479999999
2022/10/17 PM 10:45:17 current num of max point: 2
2022/10/17 PM 10:45:17 n_point = 2 MSE: 0.10830347557383121
2022/10/17 PM 10:45:17 n_point = 2 MSE: 0.10830347557383121
2022/10/17 PM 10:45:17 n_point = 2 MSE: 0.10830347557383121
2022/10/17 PM 10:45:17 n_point = 2 MSE: 0.10830347557383121
2022/10/17 PM 10:45:17 n_point = 2 MSE: 0.10830347557383121
2022/10/17 PM 10:45:17 current num of max point: 3
2022/10/17 PM 10:45:17 n_point = 3 MSE: 0.11542881769600111
2022/10/17 PM 10:45:17 n_point = 3 MSE: 0.10734008149913277
2022/10/17 PM 10:45:17 n_point = 3 MSE: 0.10740870590227679
2022/10/17 PM 10:45:17 n_point = 3 MSE: 0.10740870590227679
2022/10/17 PM 10:45:17 n_point = 3 MSE: 0.10740870590227679
2022/10/17 PM 10:45:17 final num of center: 42
2022/10/17 PM 10:45:17 Individual MSE: [0.10077749 0.19862086 0.13977277]
2022/10/17 PM 10:45:17 ======Layer 5======
2022/10/17 PM 10:45:17 current num of max point: 1
2022/10/17 PM 10:45:17 n_point = 1 MSE: 0.10333875515976046
2022/10/17 PM 10:45:17 n_point = 1 MSE: 0.10333875515976046
2022/10/17 PM 10:45:17 n_point = 1 MSE: 0.10333875515976046
2022/10/17 PM 10:45:18 n_point = 1 MSE: 0.10333875515976046
2022/10/17 PM 10:45:18 n_point = 1 MSE: 0.10333875515976046
2022/10/17 PM 10:45:18 current num of max point: 2
2022/10/17 PM 10:45:18 n_point = 2 MSE: 0.10434580176413458
2022/10/17 PM 10:45:18 n_point = 2 MSE: 0.10434580176413458
2022/10/17 PM 10:45:18 n_point = 2 MSE: 0.10434580176413458
2022/10/17 PM 10:45:18 n_point = 2 MSE: 0.10434580176413458
2022/10/17 PM 10:45:18 n_point = 2 MSE: 0.10434580176413458
2022/10/17 PM 10:45:18 current num of max point: 3
2022/10/17 PM 10:45:18 n_point = 3 MSE: 0.21628327595673283
2022/10/17 PM 10:45:18 n_point = 3 MSE: 0.21628327595673283
2022/10/17 PM 10:45:18 n_point = 3 MSE: 0.10360126066006081
2022/10/17 PM 10:45:18 n_point = 3 MSE: 0.21628327595673283
2022/10/17 PM 10:45:18 n_point = 3 MSE: 0.21628327595673283
2022/10/17 PM 10:45:18 final num of center: 43
2022/10/17 PM 10:45:18 Individual MSE: [0.10333876]
2022/10/17 PM 10:45:18 current num of max point: 1
2022/10/17 PM 10:45:18 n_point = 1 MSE: 0.10490476469330039
2022/10/17 PM 10:45:18 n_point = 1 MSE: 0.10490476469330039
2022/10/17 PM 10:45:19 n_point = 1 MSE: 0.10490476469330039
2022/10/17 PM 10:45:19 n_point = 1 MSE: 0.10490476469330039
2022/10/17 PM 10:45:19 n_point = 1 MSE: 0.10490476469330039
2022/10/17 PM 10:45:19 current num of max point: 2
2022/10/17 PM 10:45:19 n_point = 2 MSE: 0.10624457447550337
2022/10/17 PM 10:45:19 n_point = 2 MSE: 0.10624457447550337
2022/10/17 PM 10:45:19 n_point = 2 MSE: 0.10624457447550337
2022/10/17 PM 10:45:19 n_point = 2 MSE: 0.10624457447550337
2022/10/17 PM 10:45:19 n_point = 2 MSE: 0.10624457447550337
2022/10/17 PM 10:45:19 current num of max point: 3
2022/10/17 PM 10:45:19 n_point = 3 MSE: 0.10526940871019907
2022/10/17 PM 10:45:19 n_point = 3 MSE: 0.10526940871019907
2022/10/17 PM 10:45:19 n_point = 3 MSE: 0.10526940871019907
2022/10/17 PM 10:45:19 n_point = 3 MSE: 0.10526940871019907
2022/10/17 PM 10:45:19 n_point = 3 MSE: 0.10526940871019907
2022/10/17 PM 10:45:19 final num of center: 44
2022/10/17 PM 10:45:19 Individual MSE: [0.10490476]
2022/10/17 PM 10:45:19 current num of max point: 1
2022/10/17 PM 10:45:20 n_point = 1 MSE: 0.10845583582221255
2022/10/17 PM 10:45:20 n_point = 1 MSE: 0.10845583582221255
2022/10/17 PM 10:45:20 n_point = 1 MSE: 0.10845583582221255
2022/10/17 PM 10:45:20 n_point = 1 MSE: 0.10845583582221255
2022/10/17 PM 10:45:20 n_point = 1 MSE: 0.10845583582221255
2022/10/17 PM 10:45:20 current num of max point: 2
2022/10/17 PM 10:45:20 n_point = 2 MSE: 0.41331496719448746
2022/10/17 PM 10:45:20 n_point = 2 MSE: 0.41331496719448746
2022/10/17 PM 10:45:20 n_point = 2 MSE: 0.41331496719448746
2022/10/17 PM 10:45:20 n_point = 2 MSE: 0.41331496719448746
2022/10/17 PM 10:45:20 n_point = 2 MSE: 0.41331496719448746
2022/10/17 PM 10:45:20 current num of max point: 3
2022/10/17 PM 10:45:20 n_point = 3 MSE: 0.11360622980654987
2022/10/17 PM 10:45:21 n_point = 3 MSE: 0.11360622980654987
2022/10/17 PM 10:45:21 n_point = 3 MSE: 0.11360622980654987
2022/10/17 PM 10:45:21 n_point = 3 MSE: 0.11360622980654987
2022/10/17 PM 10:45:21 n_point = 3 MSE: 0.11360622980654987
2022/10/17 PM 10:45:21 final num of center: 45
2022/10/17 PM 10:45:21 Individual MSE: [0.10845584]
2022/10/17 PM 10:45:21 current num of max point: 1
2022/10/17 PM 10:45:21 n_point = 1 MSE: 0.10413782004929903
2022/10/17 PM 10:45:21 n_point = 1 MSE: 0.10413782004929903
2022/10/17 PM 10:45:21 n_point = 1 MSE: 0.10413782004929903
2022/10/17 PM 10:45:21 n_point = 1 MSE: 0.10413782004929903
2022/10/17 PM 10:45:22 n_point = 1 MSE: 0.10413782004929903
2022/10/17 PM 10:45:22 current num of max point: 2
2022/10/17 PM 10:45:22 n_point = 2 MSE: 0.10498816436221745
2022/10/17 PM 10:45:22 n_point = 2 MSE: 0.10498816436221745
2022/10/17 PM 10:45:22 n_point = 2 MSE: 0.10498816436221745
2022/10/17 PM 10:45:22 n_point = 2 MSE: 0.10498816436221745
2022/10/17 PM 10:45:22 n_point = 2 MSE: 0.10498816436221745
2022/10/17 PM 10:45:22 current num of max point: 3
2022/10/17 PM 10:45:22 n_point = 3 MSE: 0.10777806253835341
2022/10/17 PM 10:45:22 n_point = 3 MSE: 0.10777806253835341
2022/10/17 PM 10:45:22 n_point = 3 MSE: 0.10777806253835341
2022/10/17 PM 10:45:22 n_point = 3 MSE: 0.10777806253835341
2022/10/17 PM 10:45:22 n_point = 3 MSE: 0.10777806253835341
2022/10/17 PM 10:45:22 final num of center: 46
2022/10/17 PM 10:45:22 Individual MSE: [0.10413782]
2022/10/17 PM 10:45:22 current num of max point: 1
2022/10/17 PM 10:45:22 n_point = 1 MSE: 0.1119916327783994
2022/10/17 PM 10:45:22 n_point = 1 MSE: 0.1119916327783994
2022/10/17 PM 10:45:22 n_point = 1 MSE: 0.1119916327783994
2022/10/17 PM 10:45:23 n_point = 1 MSE: 0.1119916327783994
2022/10/17 PM 10:45:23 n_point = 1 MSE: 0.1119916327783994
2022/10/17 PM 10:45:23 current num of max point: 2
2022/10/17 PM 10:45:23 n_point = 2 MSE: 0.10878783710903604
2022/10/17 PM 10:45:23 n_point = 2 MSE: 0.1720630386266359
2022/10/17 PM 10:45:23 n_point = 2 MSE: 0.10878783710903604
2022/10/17 PM 10:45:23 n_point = 2 MSE: 0.10878783710903604
2022/10/17 PM 10:45:23 n_point = 2 MSE: 0.10878783710903604
2022/10/17 PM 10:45:23 current num of max point: 3
2022/10/17 PM 10:45:23 n_point = 3 MSE: 0.16922858351405387
2022/10/17 PM 10:45:23 n_point = 3 MSE: 0.12476090540079238
2022/10/17 PM 10:45:23 n_point = 3 MSE: 0.16922858351405387
2022/10/17 PM 10:45:23 n_point = 3 MSE: 0.12476090540079238
2022/10/17 PM 10:45:23 n_point = 3 MSE: 0.16922858351405387
2022/10/17 PM 10:45:23 final num of center: 48
2022/10/17 PM 10:45:23 Individual MSE: [0.24093438 0.10656179]
2022/10/17 PM 10:45:23 current num of max point: 1
2022/10/17 PM 10:45:23 n_point = 1 MSE: 0.11115016355414796
2022/10/17 PM 10:45:23 n_point = 1 MSE: 0.11115016355414796
2022/10/17 PM 10:45:24 n_point = 1 MSE: 0.11115016355414796
2022/10/17 PM 10:45:24 n_point = 1 MSE: 0.11115016355414796
2022/10/17 PM 10:45:24 n_point = 1 MSE: 0.11115016355414796
2022/10/17 PM 10:45:24 final num of center: 49
2022/10/17 PM 10:45:24 Individual MSE: [0.11115016]
2022/10/17 PM 10:45:24 current num of max point: 1
2022/10/17 PM 10:45:24 n_point = 1 MSE: 0.1028122877627845
2022/10/17 PM 10:45:25 n_point = 1 MSE: 0.1028122877627845
2022/10/17 PM 10:45:25 n_point = 1 MSE: 0.1028122877627845
2022/10/17 PM 10:45:25 n_point = 1 MSE: 0.1028122877627845
2022/10/17 PM 10:45:25 n_point = 1 MSE: 0.1028122877627845
2022/10/17 PM 10:45:25 current num of max point: 2
2022/10/17 PM 10:45:25 n_point = 2 MSE: 0.10511134130022326
2022/10/17 PM 10:45:25 n_point = 2 MSE: 0.10511134130022326
2022/10/17 PM 10:45:25 n_point = 2 MSE: 0.10511134130022326
2022/10/17 PM 10:45:25 n_point = 2 MSE: 0.10511134130022326
2022/10/17 PM 10:45:25 n_point = 2 MSE: 0.10367407247993571
2022/10/17 PM 10:45:25 current num of max point: 3
2022/10/17 PM 10:45:25 n_point = 3 MSE: 0.10607421289949164
2022/10/17 PM 10:45:25 n_point = 3 MSE: 0.10607421289949164
2022/10/17 PM 10:45:25 n_point = 3 MSE: 0.10607421289949164
2022/10/17 PM 10:45:25 n_point = 3 MSE: 0.10607421289949164
2022/10/17 PM 10:45:25 n_point = 3 MSE: 0.10607421289949164
2022/10/17 PM 10:45:25 final num of center: 50
2022/10/17 PM 10:45:25 Individual MSE: [0.10281229]
2022/10/17 PM 10:45:25 current num of max point: 1
2022/10/17 PM 10:45:25 n_point = 1 MSE: 0.106675339717191
2022/10/17 PM 10:45:26 n_point = 1 MSE: 0.106675339717191
2022/10/17 PM 10:45:26 n_point = 1 MSE: 0.106675339717191
2022/10/17 PM 10:45:26 n_point = 1 MSE: 0.106675339717191
2022/10/17 PM 10:45:26 n_point = 1 MSE: 0.106675339717191
2022/10/17 PM 10:45:26 current num of max point: 2
2022/10/17 PM 10:45:26 n_point = 2 MSE: 0.10636998718840955
2022/10/17 PM 10:45:26 n_point = 2 MSE: 0.10636998718840955
2022/10/17 PM 10:45:26 n_point = 2 MSE: 0.10636998718840955
2022/10/17 PM 10:45:26 n_point = 2 MSE: 0.10636998718840955
2022/10/17 PM 10:45:26 n_point = 2 MSE: 0.10636998718840955
2022/10/17 PM 10:45:26 final num of center: 52
2022/10/17 PM 10:45:26 ALL Train Prediction Accuracy: 0.8734939759036144
2022/10/17 PM 10:45:26 ALL Test Prediction Accuracy: 0.8180722891566266
2022/10/17 PM 10:45:26 --- 41.30570960044861 seconds ---
2022/10/17 PM 10:45:26 ===============END===============
2022/10/17 PM 10:45:26 ===============RESULT===============
2022/10/17 PM 10:45:26 MAX: 50, threshold: 0.05
2022/10/17 PM 10:45:26 ------Execution0 3------
2022/10/17 PM 10:45:26 Train Accuracy: 0.8734939759036144
2022/10/17 PM 10:45:26 Test Accuracy: 0.8180722891566266
2022/10/17 PM 10:45:26 Number of Node: 52
2022/10/17 PM 10:45:26 layer node: 3
2022/10/17 PM 10:45:26 time: 41.30570960044861
