2022/10/10 PM 06:39:55 ===============Execution: JMLM===============
2022/10/10 PM 06:39:56 Dataset: mnist
2022/10/10 PM 06:39:56 num of max point: 1
2022/10/10 PM 06:40:12 ===============Execution: JMLM===============
2022/10/10 PM 06:40:12 Dataset: mnist
2022/10/10 PM 06:40:12 num of max point: 1
2022/10/10 PM 06:41:13 ===============Execution: JMLM===============
2022/10/10 PM 06:41:13 Dataset: mini_mnist
2022/10/10 PM 06:41:13 num of max point: 1
2022/10/10 PM 06:41:14 MSE: 0.029980575398819414
2022/10/10 PM 06:41:14 num of max point: 2
2022/10/10 PM 06:41:14 MSE: 0.019575352634837184
2022/10/10 PM 06:41:14 num of max point: 3
2022/10/10 PM 06:41:14 MSE: 0.015427282643307819
2022/10/10 PM 06:41:14 num of max point: 4
2022/10/10 PM 06:41:14 MSE: 0.01183700693911101
2022/10/10 PM 06:41:14 num of max point: 5
2022/10/10 PM 06:41:14 MSE: 0.009529053018208758
2022/10/10 PM 06:41:14 Prediction Accuracy: 0.936026936026936
2022/10/10 PM 06:41:14 --- 0.41899824142456055 seconds ---
2022/10/10 PM 06:41:21 ===============Execution: JMLM===============
2022/10/10 PM 06:41:21 Dataset: mini_mnist
2022/10/10 PM 06:41:21 num of max point: 1
2022/10/10 PM 06:41:22 MSE: 0.03078885347418107
2022/10/10 PM 06:41:22 num of max point: 2
2022/10/10 PM 06:41:22 MSE: 0.020259398744859606
2022/10/10 PM 06:41:22 num of max point: 3
2022/10/10 PM 06:41:22 MSE: 0.014462117262465365
2022/10/10 PM 06:41:22 num of max point: 4
2022/10/10 PM 06:41:22 MSE: 0.01100170900954877
2022/10/10 PM 06:41:22 num of max point: 5
2022/10/10 PM 06:41:22 MSE: 0.009537474312545757
2022/10/10 PM 06:41:22 Prediction Accuracy: 0.9377104377104377
2022/10/10 PM 06:41:22 --- 0.42551732063293457 seconds ---
