2022/12/13 PM 06:00:03 ===============Execution: JMLM===============
2022/12/13 PM 06:00:04 ======Layer 0======
2022/12/13 PM 06:02:23 ===============Execution: JMLM===============
2022/12/13 PM 06:02:24 ======Layer 0======
2022/12/13 PM 06:03:39 ===============Execution: JMLM===============
2022/12/13 PM 06:03:40 ======Layer 0======
2022/12/13 PM 06:06:47 ===============Execution: JMLM===============
2022/12/13 PM 06:06:48 ======Layer 0======
2022/12/13 PM 06:08:24 ===============Execution: JMLM===============
2022/12/13 PM 06:08:25 ======Layer 0======
2022/12/13 PM 06:08:42 1.0885694182370387
2022/12/13 PM 06:08:42 [1.0835655366518593, 0.24766739675797358]
2022/12/13 PM 06:08:42 ======Layer 1======
2022/12/13 PM 06:09:00 1.0877626513623573
2022/12/13 PM 06:09:00 [1.1210988103851518, 1.1330169111438486, 1.0091875863879292]
2022/12/13 PM 06:09:00 ======Layer 2======
2022/12/13 PM 06:09:16 1.073889927469847
2022/12/13 PM 06:09:16 [0.988945058573502, 1.0807491712652348, 1.2470832162415888]
2022/12/13 PM 06:09:32 1.062689162224012
2022/12/13 PM 06:09:32 [1.2850570317269612, 0.972655535695174]
2022/12/13 PM 06:09:49 1.0570827850394415
2022/12/13 PM 06:09:49 [0.9250738223176543, 0.9242283546349559, 1.1439021992695797]
2022/12/13 PM 06:11:18 ===============Execution: JMLM===============
2022/12/13 PM 06:11:19 ======Layer 0======
2022/12/13 PM 06:11:40 1.07398847986592
2022/12/13 PM 06:11:40 [1.079122044707194, 0.0]
2022/12/13 PM 06:11:40 ======Layer 1======
2022/12/13 PM 06:11:58 1.07827865145504
2022/12/13 PM 06:11:58 [1.0211672413416208, 1.1356659068322432]
2022/12/13 PM 06:11:58 ======Layer 2======
2022/12/13 PM 06:12:16 1.070919318141354
2022/12/13 PM 06:12:16 [1.1659628215029618, 0.9262857506032861, 0.9203262167054415]
2022/12/13 PM 06:12:31 1.0638010173882373
2022/12/13 PM 06:12:31 [1.0343540376766884, 1.1300582318403343, 1.257544257155912]
2022/12/13 PM 06:12:31 ======Layer 3======
2022/12/13 PM 06:12:37 1.0674959847747696
2022/12/13 PM 06:12:37 [0.9940244871095727, 1.3495124816167618, 1.0920585167713615]
2022/12/13 PM 06:12:44 1.0654930308423878
2022/12/13 PM 06:12:44 [1.0545382912634502, 0.8910423122497086, 0.7927887154714942]
2022/12/13 PM 06:12:49 1.0649626751421513
2022/12/13 PM 06:12:49 [0.9328875722345291, 0.9560609863448168]
2022/12/13 PM 06:12:58 1.060905179366889
2022/12/13 PM 06:12:58 [1.175140575395996, 0.8678528782154223, 0.8983000242889058]
2022/12/13 PM 06:13:15 1.0494023900890634
2022/12/13 PM 06:13:15 [1.2684540880567812, 0.9815732844296245]
2022/12/13 PM 06:13:23 1.0549109845586986
2022/12/13 PM 06:13:23 [1.141795568856365, 1.380880103114742]
2022/12/13 PM 06:13:23 ======Layer 4======
2022/12/13 PM 06:13:27 1.053776147019467
2022/12/13 PM 06:13:27 [1.0011361965359085, 0.9390918690869333]
2022/12/13 PM 06:13:31 1.050351125225535
2022/12/13 PM 06:13:31 [1.3040307987421687, 1.2858571477560468, 1.255753309140295]
2022/12/13 PM 06:13:36 1.0445506054067015
2022/12/13 PM 06:13:36 [1.0187585607036227, 0.9514922884154218]
2022/12/13 PM 06:13:40 1.0434944037459521
2022/12/13 PM 06:13:40 [1.0503518247826398, 0.9503443181556565]
2022/12/13 PM 06:13:44 1.0414486623937826
2022/12/13 PM 06:13:44 [0.8894495688694692, 0.8494008721680615]
2022/12/13 PM 06:13:48 1.0399883586443537
2022/12/13 PM 06:13:48 [0.780842504203243, 0.8153756867387996]
2022/12/13 PM 06:13:53 1.0402113802716526
2022/12/13 PM 06:13:53 [0.8228789422423631, 0.9802759150055228]
2022/12/13 PM 06:13:57 1.0426021945913169
2022/12/13 PM 06:13:57 [0.8581296220804547, 1.0885736278054134]
2022/12/13 PM 06:14:02 1.0402911951595535
2022/12/13 PM 06:14:02 [1.0324175171644903, 0.9022423742092128, 1.361596446411951]
2022/12/13 PM 06:14:06 1.035177344861499
2022/12/13 PM 06:14:06 [0.7873368169813093, 0.8767091222826738]
2022/12/13 PM 06:14:12 1.0348409539250254
2022/12/13 PM 06:14:12 [0.8570503134426465, 0.8758565401364834]
2022/12/13 PM 06:14:19 1.033743215315612
2022/12/13 PM 06:14:19 [1.1862427652086367, 1.349286045560514]
2022/12/13 PM 06:14:27 1.0294027801471517
2022/12/13 PM 06:14:27 [0.9660582036531168, 0.7581206053035179, 1.1087843762601572]
2022/12/13 PM 06:14:31 1.0249616195244844
2022/12/13 PM 06:14:31 [1.109929255405936, 0.9963477348876131]
2022/12/13 PM 06:14:37 1.0224533253314274
2022/12/13 PM 06:14:37 [0.8891486785635134, 1.619786212351199, 1.349297654055938]
2022/12/13 PM 06:14:37 ======Layer 5======
2022/12/13 PM 06:14:40 1.024390040951793
2022/12/13 PM 06:14:40 [1.1107752515276135, 1.079238984208477, 1.1703882430907049]
2022/12/13 PM 06:14:44 1.0226859920431841
2022/12/13 PM 06:14:44 [0.9490383189490449, 1.0600942680334662, 0.6947145966475934]
2022/12/13 PM 06:14:48 1.0233661773187843
2022/12/13 PM 06:14:48 [1.303230978060581, 1.2806319947351708, 0.788803679920291]
2022/12/13 PM 06:14:52 1.0240007803625693
2022/12/13 PM 06:14:52 [1.438605986227374, 1.1730073213726904]
2022/12/13 PM 06:14:55 1.0238912787593089
2022/12/13 PM 06:14:55 [1.9555166832262358, 1.198062037719169, 0.9805959584341122]
2022/12/13 PM 06:14:59 1.0257735281067744
2022/12/13 PM 06:14:59 [1.092208924435368, 1.0687054284929487]
2022/12/13 PM 06:15:03 1.0251884919655152
2022/12/13 PM 06:15:03 [1.4134235617027118, 0.9554143896926013, 1.2725663297670662]
2022/12/13 PM 06:15:07 1.0256799240983698
2022/12/13 PM 06:15:07 [1.1009642068182848, 0.8719344735475738, 1.167336104263938]
2022/12/13 PM 06:15:11 1.026079230776413
2022/12/13 PM 06:15:11 [1.0469220575460296, 0.9663230904084744]
2022/12/13 PM 06:15:15 1.025970757246278
2022/12/13 PM 06:15:15 [0.9581468152933434, 0.9256834720975464, 0.7038662550755295]
2022/12/13 PM 06:15:19 1.0268276242657999
2022/12/13 PM 06:15:19 [0.8856979084568135, 0.8924540679105208]
2022/12/13 PM 06:15:22 1.0272326255852018
2022/12/13 PM 06:15:22 [0.7629832784397489, 0.9431202859385606]
2022/12/13 PM 06:15:26 1.0277336631577685
2022/12/13 PM 06:15:26 [0.8621441001934674, 0.7307912030554875, 0.9382783312195342]
2022/12/13 PM 06:15:30 1.0266104661362891
2022/12/13 PM 06:15:30 [0.8579477297121356, 0.8204552242035421, 0.7159286626828484]
2022/12/13 PM 06:15:34 1.0266522140270178
2022/12/13 PM 06:15:34 [1.138955919516079, 0.9377752560142889, 0.8341330183368986]
2022/12/13 PM 06:15:38 1.0259110234938282
2022/12/13 PM 06:15:38 [0.9643192434874021, 0.6623597599822449, 0.7654047682967675]
2022/12/13 PM 06:21:39 ===============Execution: JMLM===============
2022/12/13 PM 06:21:40 ======Layer 0======
2022/12/13 PM 06:22:14 1.066877938937011
2022/12/13 PM 06:22:14 [1.0809137010070191, 0.24766739675797358]
2022/12/13 PM 06:22:14 ======Layer 1======
