2022/12/13 PM 06:23:41 ===============Execution: JMLM===============
2022/12/13 PM 06:23:42 ======Layer 0======
2022/12/13 PM 06:24:16 1.0779776041609384
2022/12/13 PM 06:24:16 [1.0781953160246396, 0.0]
2022/12/13 PM 06:24:16 ======Layer 1======
2022/12/13 PM 06:24:51 1.076576504654093
2022/12/13 PM 06:24:51 [1.124424592002246, 1.0158160639879152, 1.1083037864926943]
2022/12/13 PM 06:24:51 ======Layer 2======
2022/12/13 PM 06:25:23 1.0743988285633728
2022/12/13 PM 06:25:23 [1.2685991980034859, 1.030953865382127]
2022/12/13 PM 06:25:54 1.0729711599031162
2022/12/13 PM 06:25:54 [1.1502186117386837, 0.9262836874020142, 0.9269471630829329]
2022/12/13 PM 06:26:28 1.0678947370864316
2022/12/13 PM 06:26:28 [0.9718794448568221, 1.2813540890129191]
2022/12/13 PM 06:26:28 ======Layer 3======
2022/12/13 PM 06:26:45 1.0707051200607924
2022/12/13 PM 06:26:45 [1.2315547678499081, 1.540110302347821, 0.9136984447242352]
2022/12/13 PM 06:27:03 1.0643853666881533
2022/12/13 PM 06:27:03 [0.9083766875466447, 1.1708294843356049, 0.860529949996983]
2022/12/13 PM 06:27:15 1.0652450667129154
2022/12/13 PM 06:27:15 [1.0035282231851634, 1.170380747673639, 1.3180373771901104]
2022/12/13 PM 06:27:26 1.0619717161591264
2022/12/13 PM 06:27:26 [0.9224576973762464, 0.9150776739590752]
2022/12/13 PM 06:27:37 1.0586377264821045
2022/12/13 PM 06:27:37 [0.8513667605552174, 1.0211061223354767]
2022/12/13 PM 06:27:52 1.048487276903364
2022/12/13 PM 06:27:52 [0.9235745432652641, 0.999366922000646]
2022/12/13 PM 06:28:06 1.0518890947202022
2022/12/13 PM 06:28:06 [1.3487514228054431, 1.211982346967218]
2022/12/13 PM 06:28:06 ======Layer 4======
2022/12/13 PM 06:28:15 1.04442058671789
2022/12/13 PM 06:28:15 [1.1558240438672585, 0.8764610576016036, 1.2673509728774395]
2022/12/13 PM 06:28:24 1.0432521248310502
2022/12/13 PM 06:28:24 [1.5425243803883422, 1.4285904724575358]
2022/12/13 PM 06:28:32 1.044626507953265
2022/12/13 PM 06:28:32 [0.8665642345121289, 1.0721903301815463]
2022/12/13 PM 06:28:42 1.0437445694009095
2022/12/13 PM 06:28:42 [0.8891755701959987, 0.8686325214974221]
2022/12/13 PM 06:28:52 1.0414430431653667
2022/12/13 PM 06:28:52 [0.9558154362116851, 1.0200296252290737, 1.3908475208850877]
2022/12/13 PM 06:29:01 1.03604842880523
2022/12/13 PM 06:29:01 [0.7709476796278022, 0.8759354487487958]
2022/12/13 PM 06:29:10 1.0345054491665664
2022/12/13 PM 06:29:10 [1.0598729738248165, 0.8992135291882857]
2022/12/13 PM 06:29:18 1.028865997990746
2022/12/13 PM 06:29:18 [0.9321727940926721, 0.944590800892566]
2022/12/13 PM 06:29:27 1.0270829684812282
2022/12/13 PM 06:29:27 [1.2251061179100962, 1.4252988752047961]
2022/12/13 PM 06:29:36 1.0282418173689598
2022/12/13 PM 06:29:36 [0.8398282740798904, 1.038486009357292]
2022/12/13 PM 06:29:45 1.0287300346269208
2022/12/13 PM 06:29:45 [0.9018190294313985, 0.9465023959172543]
2022/12/13 PM 06:29:55 1.029933430746753
2022/12/13 PM 06:29:55 [0.85034646902585, 0.8976949379108126]
2022/12/13 PM 06:30:03 1.0289063811227306
2022/12/13 PM 06:30:03 [1.0467765455548197, 0.9120501084594911, 0.9495738860210108]
2022/12/13 PM 06:30:14 1.0284577430839115
2022/12/13 PM 06:30:14 [0.7890059947730595, 0.936410559465077, 0.9878221397217689]
2022/12/13 PM 06:30:24 1.0297435292911277
2022/12/13 PM 06:30:24 [1.0995280945704695, 0.8869060308146056]
2022/12/13 PM 06:30:34 1.0270213022875108
2022/12/13 PM 06:30:34 [1.3022105944535978, 1.2788559851470005]
2022/12/13 PM 06:30:45 1.023752563097078
2022/12/13 PM 06:30:45 [1.2364240464766625, 0.9030878251218852]
2022/12/13 PM 06:30:45 ======Layer 5======
2022/12/13 PM 06:30:52 1.0226797139754216
2022/12/13 PM 06:30:52 [1.5611914597199874, 1.001192249421009, 0.9412673295872334]
2022/12/13 PM 06:31:01 1.0236116801701267
2022/12/13 PM 06:31:01 [0.909727783084524, 0.7626889370894813, 0.9773243605962817]
2022/12/13 PM 06:31:08 1.0215809323931315
2022/12/13 PM 06:31:08 [1.2584329095770672, 1.1589089526864487, 0.8543518208207802]
2022/12/13 PM 06:31:16 1.017740011644151
2022/12/13 PM 06:31:16 [1.606985630268512, 1.8412874521970373, 1.1191037960375079]
2022/12/13 PM 06:31:24 1.017872938109587
2022/12/13 PM 06:31:24 [1.5084034547133027, 1.0415228017204874, 1.3332526146714168]
2022/12/13 PM 06:31:32 1.0186209329074223
2022/12/13 PM 06:31:32 [0.780853990505743, 0.7734573352506016, 0.9723816405024571]
2022/12/13 PM 06:31:40 1.017915327968521
2022/12/13 PM 06:31:40 [0.8796560142413609, 1.0391351754518305]
2022/12/13 PM 06:31:48 1.018147262101492
2022/12/13 PM 06:31:48 [0.8601767390122003, 0.9298143054526102, 0.9347465249127417]
2022/12/13 PM 06:31:57 1.0155098561868028
2022/12/13 PM 06:31:57 [0.7774911860162578, 0.8360888676489135, 1.01916014717237]
2022/12/13 PM 06:32:04 1.0162861470617395
2022/12/13 PM 06:32:04 [0.8409490798501551, 1.0169846862968217]
2022/12/13 PM 06:32:12 1.0160051813612958
2022/12/13 PM 06:32:12 [0.7881987727885281, 1.0464175600035632, 1.0770531264911092]
2022/12/13 PM 06:32:19 1.0158020953107405
2022/12/13 PM 06:32:19 [1.5440854977671112, 1.570082422980038, 0.8497744802354826]
2022/12/13 PM 06:32:27 1.015006743231374
2022/12/13 PM 06:32:27 [0.7947133507496725, 0.7009150041965144, 0.7620891571998605]
2022/12/13 PM 06:32:35 1.0143194768356292
2022/12/13 PM 06:32:35 [1.030091956981827, 0.8038776490217698]
2022/12/13 PM 06:32:43 1.0139338079022144
2022/12/13 PM 06:32:43 [1.0771269639680279, 1.0492222021088293, 0.9140433264473884]
2022/12/13 PM 06:32:51 1.0140821177053576
2022/12/13 PM 06:32:51 [0.785379603160474, 1.1755568648486245]
2022/12/13 PM 06:32:59 1.0143818510656892
2022/12/13 PM 06:32:59 [1.0881816360496517, 0.9412615733971883, 1.4012949933952017]
2022/12/13 PM 06:33:07 1.0134058643205435
2022/12/13 PM 06:33:07 [1.1018043797559312, 0.7050131009040451, 0.7801180982870967]
2022/12/13 PM 06:33:15 1.013408256434952
2022/12/13 PM 06:33:15 [1.3515995052079595, 1.0050426900361247, 1.1269395297411253]
2022/12/13 PM 06:33:22 1.0128714940653063
2022/12/13 PM 06:33:22 [1.2731960297913105, 1.2465194361038658, 1.458506285064403]
2022/12/13 PM 06:33:31 1.0149922489434928
2022/12/13 PM 06:33:31 [1.0635181814696582, 0.8734294909054193, 0.5219654366358978]
2022/12/13 PM 06:33:39 1.01341452979876
2022/12/13 PM 06:33:39 [0.9016753390046214, 0.9196943558248862, 1.061000490719803]
2022/12/13 PM 06:33:47 1.0133037924254666
2022/12/13 PM 06:33:47 [0.8788535047423437, 0.9574968864566926]
2022/12/13 PM 06:33:55 1.012836458564334
2022/12/13 PM 06:33:55 [0.8122028083345315, 1.1779379237809589]
2022/12/13 PM 06:34:04 1.012917495435574
2022/12/13 PM 06:34:04 [0.7880528854190222, 0.8368580266500105]
2022/12/13 PM 06:34:13 1.0137434860180505
2022/12/13 PM 06:34:13 [0.9080000921070025, 0.9133889755722902]
2022/12/13 PM 06:34:21 1.0125744271929484
2022/12/13 PM 06:34:21 [1.190445186092454, 0.8810198417734233, 1.0697672026119052]
2022/12/13 PM 06:34:28 1.0115060736727854
2022/12/13 PM 06:34:28 [0.874960875478677, 0.9773481824500982]
2022/12/13 PM 06:34:36 1.0128457952857395
2022/12/13 PM 06:34:36 [1.03810502952859, 0.9634757478361015]
2022/12/13 PM 06:34:45 1.0147637487185766
2022/12/13 PM 06:34:45 [0.9654191349714291, 0.9911821448888466, 0.7362068933366737]
2022/12/13 PM 06:34:53 1.0139032354979955
2022/12/13 PM 06:34:53 [0.9280832476927484, 0.8938148666072862]
2022/12/13 PM 06:35:02 1.0140023374841034
2022/12/13 PM 06:35:02 [0.994179687699434, 1.0663659104270784, 0.8295825250676818]
2022/12/13 PM 06:35:11 1.0148044250638006
2022/12/13 PM 06:35:11 [1.0561576957160823, 1.1394054312160125]
2022/12/13 PM 06:35:20 1.0164937842256088
2022/12/13 PM 06:35:20 [0.7332987535268831, 1.0966622017147494]
2022/12/13 PM 06:35:29 1.0146376485412605
2022/12/13 PM 06:35:29 [1.6177374140871386, 1.0232065978058729, 1.3217891917015039]
2022/12/13 PM 06:35:38 1.0130646936954222
2022/12/13 PM 06:35:38 [1.5412649783104364, 1.0697144685447892]
2022/12/13 PM 06:35:47 1.0104766661912379
2022/12/13 PM 06:35:47 [1.1433544892068683, 1.186145643886933, 1.2589685500195875]
2022/12/13 PM 06:35:56 1.0114207168545388
2022/12/13 PM 06:35:56 [0.8923413478155834, 0.9949709300163766, 0.8233911433510854]
2022/12/13 PM 06:35:56 ======Layer 6======
2022/12/13 PM 06:36:04 1.0097230861021695
2022/12/13 PM 06:36:04 [1.1197939073099483, 1.9336418357059446, 1.414028458788383]
2022/12/13 PM 06:36:11 1.0095935152796507
2022/12/13 PM 06:36:11 [1.0185906186980849, 1.0743979927828278]
2022/12/13 PM 06:36:19 1.0089348357240102
2022/12/13 PM 06:36:19 [0.7903022273345127, 1.0210078910912948]
2022/12/13 PM 06:36:27 1.0111080504595347
2022/12/13 PM 06:36:27 [1.5336910806433988, 0.8030769177770228, 0.6341410034553686]
2022/12/13 PM 06:36:34 1.0110629021295188
2022/12/13 PM 06:36:34 [0.6789500726923655, 0.7010145551108408, 0.8788954284174428]
2022/12/13 PM 06:36:42 1.0101967869118875
2022/12/13 PM 06:36:42 [0.9313272414011219, 1.0133617627316645, 0.9775824998197898]
2022/12/13 PM 06:36:49 1.008749480783858
2022/12/13 PM 06:36:49 [1.240541395295176, 0.432733374501657, 1.1990798681964023]
2022/12/13 PM 06:36:57 1.0089107688075738
2022/12/13 PM 06:36:57 [1.277714425502167, 1.1602550637977993, 1.3292009543555725]
2022/12/13 PM 06:37:05 1.0094980412734345
2022/12/13 PM 06:37:05 [1.2385978287001207, 1.1825823434490796]
2022/12/13 PM 06:37:13 1.0119205299601257
2022/12/13 PM 06:37:13 [1.1773919787270497, 2.322574990714336]
2022/12/13 PM 06:37:20 1.0104267156258129
2022/12/13 PM 06:37:20 [1.6865228852051053, 2.0311669146816573, 0.5545065177243998]
2022/12/13 PM 06:37:28 1.0099995147033405
2022/12/13 PM 06:37:28 [0.9206105979373896, 1.2086832291685097, 0.8927708408084734]
2022/12/13 PM 06:37:36 1.0099808106562755
2022/12/13 PM 06:37:36 [0.9718786422583928, 2.09630051153685]
2022/12/13 PM 06:40:17 ===============Execution: JMLM===============
2022/12/13 PM 06:40:18 ======Layer 0======
2022/12/13 PM 06:45:42 1.075758344002257
2022/12/13 PM 06:45:42 [1.1960640655308832, 1.7259211471651534, 0.9012218816610418, 1.2456536956513586, 1.0976361336466234, 0.9340819313083877, 0.973097229197952, 0.9769165362421444, 1.1557663934884779]
2022/12/13 PM 06:45:42 ======Layer 1======
2022/12/13 PM 06:47:31 1.0637787964707235
2022/12/13 PM 06:47:31 [1.2757038565754202, 1.028038648179396, 0.8150980295188829, 1.4784540300056366, 1.0098319906564228]
2022/12/13 PM 06:49:21 1.055035080946619
2022/12/13 PM 06:49:21 [1.0775421287392057, 0.8250675182070134, 0.9034085035177482, 0.7131443565150264, 0.8658786373236335, 0.8658390963843647]
2022/12/13 PM 06:51:36 1.0429387542651671
2022/12/13 PM 06:51:36 [1.0736806393871128, 1.3174843519993076, 0.9308142336067053, 1.0853818383559557, 1.0326605797525088, 0.9262843406224849, 2.1664390261749484, 1.532782034146203, 1.2007182189342176, 1.1063099410329804]
2022/12/13 PM 06:53:20 1.031758296355707
2022/12/13 PM 06:53:20 [1.1006746746044866, 1.4480822249085044, 0.8241547099987425, 0.8062075839262905, 0.8144846914641476, 1.0191211780295253, 0.9491297173108063, 1.4092075839320388, 1.149795221520747]
2022/12/13 PM 06:54:57 1.0326553012968063
2022/12/13 PM 06:54:57 [0.8963473120919582, 0.7948948010570585, 1.1089421334495748, 0.8675841135220047, 0.9485666391092311, 1.0673960849788928, 1.094310397705233, 1.0180621304962305, 0.8009449184588826, 0.660352828379093]
2022/12/13 PM 06:57:07 1.0312026503911422
2022/12/13 PM 06:57:07 [1.113995512937969, 1.0418426556921168, 0.8373238073674482, 0.902323250140158, 0.9022199919427286, 0.9592514068083225, 0.7072008488360494, 0.9051725616903361, 1.2324845391668282]
2022/12/13 PM 06:58:50 1.0247165150771615
2022/12/13 PM 06:58:50 [0.9044612146118723, 0.8643792711610535, 0.8267398112574348, 1.070595335123269, 0.7729370842428168]
2022/12/13 PM 07:00:40 1.02059511184354
2022/12/13 PM 07:00:40 [1.0573818904570782, 0.9700533302363581, 1.321564902050383, 0.9617161392692208]
2022/12/13 PM 07:00:40 ======Layer 2======
2022/12/13 PM 07:01:50 1.0171462992513314
2022/12/13 PM 07:01:50 [1.080196295479249, 0.9260486890105154, 1.164257644179958, 1.8870353383453973, 1.1525571758917317, 2.6179539570559296, 1.0076903022025436, 1.1913906403845258, 0.7240229773592728]
2022/12/13 PM 07:03:01 1.0149120412668096
2022/12/13 PM 07:03:01 [0.8830605494513738, 1.0506928133940518, 1.2686554424465888]
2022/12/13 PM 07:04:14 1.015598389764003
2022/12/13 PM 07:04:14 [1.2451001205134553, 0.6625099185619855, 0.9270621860810744, 1.0991385749980467, 0.6212076506226216, 0.7812282999953486, 0.6090190633033536, 0.8311218097359462, 0.6192193409296821]
2022/12/13 PM 07:05:22 1.016363732648289
2022/12/13 PM 07:05:22 [1.717040546646633, 1.9881794925499687]
2022/12/13 PM 07:06:34 1.0132836631184223
2022/12/13 PM 07:06:34 [1.091746754721541, 1.3975863074458024, 0.7962945533653399, 0.6684194725469388, 0.7282052934762318, 1.090967159987864, 0.640575825456408]
2022/12/13 PM 07:07:42 1.0133636629356004
2022/12/13 PM 07:07:42 [1.027782341837344, 0.8445324869554834, 0.979010814205492, 0.9345007043389367, 0.7192401228504834, 0.6871030937787502, 1.793561589038332, 1.0401322642063593, 1.686800309100859, 0.9035952879443605]
2022/12/13 PM 07:08:51 1.0111142133270257
2022/12/13 PM 07:08:51 [0.7615321399336648, 0.9012301364230154, 1.0130895720800248, 0.5212330520213593, 0.5867343393495336, 0.5304960524424427, 0.4663967284261471, 0.5608119567270387]
2022/12/13 PM 07:10:00 1.0101971184211127
2022/12/13 PM 07:10:00 [0.9220783565418698, 0.6739525932129502, 0.8102208382910028, 1.0242295224476647, 0.9308662147823272, 0.0, 0.8826472851144869, 0.761362138236347, 0.8833028668290691]
2022/12/13 PM 07:11:11 1.0113363209802093
2022/12/13 PM 07:11:11 [0.8150345632324338, 0.8279075082572451, 0.8125367408479481, 0.7216074499337083, 0.6711409515905175, 0.7405607124348681, 0.5971571894914578, 0.9433388678699841]
2022/12/13 PM 07:12:19 1.0109196382364318
2022/12/13 PM 07:12:19 [0.9431877469211623, 0.6780970750517191, 0.8162182745701951, 0.8949437833508969]
2022/12/13 PM 07:13:30 1.0102985253962637
2022/12/13 PM 07:13:30 [0.7093079526650352, 0.7538743351641483, 1.061727823036195, 0.7663091106610475, 0.7673548076807365, 0.9349369765776501, 0.9687308536541916, 0.7310149157125417, 0.6209474649817593]
2022/12/13 PM 07:14:42 1.010491282309914
2022/12/13 PM 07:14:42 [0.776056685042263, 1.4123508713850264]
2022/12/13 PM 07:15:52 1.008147134913183
2022/12/13 PM 07:15:52 [0.9043440272311575, 1.963908697592446, 1.0496544516662305, 0.7323765263264973, 1.0064809771793328, 0.9120656617869685, 1.6927088965079113, 1.1361873358953845, 1.3252276513834107, 1.7625074458256003]
2022/12/13 PM 07:17:02 1.0068619345661745
2022/12/13 PM 07:17:02 [0.6004244501962165, 0.78339534781766, 0.6293024430563422, 1.0206645783586354, 0.8328730640639115, 0.18084314544237345, 0.7305183493858979, 1.2989873919272132, 1.1316434605994512, 0.7324116871753606]
2022/12/13 PM 07:18:10 1.0054209455210477
2022/12/13 PM 07:18:10 [1.2404823456441776, 0.5687162497510804, 2.5501555111308014, 0.8754186578252915, 0.9313411123598792, 0.8512353260331239, 0.8798711413809057, 1.310305236108153, 1.5077979397169576, 0.8547702678861735]
2022/12/13 PM 07:19:24 0.9996876908537818
2022/12/13 PM 07:19:24 [0.9066444856346023, 0.7605953505747485, 0.7684285679074268, 0.9099013664807452, 0.9440539995364413, 0.9738050046584482, 0.741240140936492, 0.9565432468227382]
2022/12/13 PM 07:20:34 0.9989030967623803
2022/12/13 PM 07:20:34 [1.1483954383144162, 0.8248838404995051, 0.6817815178376195, 0.5793105557825228, 0.9239719854108492, 1.0142421011974834, 1.421692655636575]
2022/12/13 PM 07:21:43 0.9923310408498135
2022/12/13 PM 07:21:43 [1.5785061539551808, 1.2319887440528057, 1.3334611264251492, 2.1330128580006136, 2.1054696901951973, 2.2353819289730477, 2.1586353353884924, 1.439758550285198, 1.8404931149307773, 0.9716670830123466]
2022/12/13 PM 07:33:51 ===============Execution: JMLM===============
2022/12/13 PM 07:33:52 ======Layer 0======
2022/12/13 PM 07:33:59 mse = 1.0674931802951357
2022/12/13 PM 07:33:59 partial_mse = [1.080759883323953, 0.24766739675797358]
2022/12/13 PM 07:33:59 len(self.points) = 2
2022/12/13 PM 07:33:59 ======Layer 1======
2022/12/13 PM 07:34:08 mse = 1.0723055122352594
2022/12/13 PM 07:34:08 partial_mse = [1.0109712881917152, 1.1434173983130282]
2022/12/13 PM 07:34:08 len(self.points) = 4
2022/12/13 PM 07:34:08 ======Layer 2======
2022/12/13 PM 07:34:14 mse = 1.0700761015293343
2022/12/13 PM 07:34:14 partial_mse = [0.9124933442988815, 1.1238242247925765]
2022/12/13 PM 07:34:14 len(self.points) = 6
2022/12/13 PM 07:34:19 mse = 1.0571664633376963
2022/12/13 PM 07:34:19 partial_mse = [1.1149544819568709, 1.1201657077678713]
2022/12/13 PM 07:34:19 len(self.points) = 8
2022/12/13 PM 07:34:19 ======Layer 3======
2022/12/13 PM 07:34:22 mse = 1.0581500458729167
2022/12/13 PM 07:34:22 partial_mse = [0.9429135203057591, 0.8903726073730511]
2022/12/13 PM 07:34:22 len(self.points) = 10
2022/12/13 PM 07:34:25 mse = 1.0585266923731493
2022/12/13 PM 07:34:25 partial_mse = [1.2315924141952017, 1.0095857914625068]
2022/12/13 PM 07:34:25 len(self.points) = 12
2022/12/13 PM 07:34:31 mse = 1.0553846556687172
2022/12/13 PM 07:34:31 partial_mse = [1.2684728073238976, 1.029852937273156]
2022/12/13 PM 07:34:31 len(self.points) = 14
2022/12/13 PM 07:34:37 mse = 1.0555862392564208
2022/12/13 PM 07:34:37 partial_mse = [1.2706361994846853, 0.9858640154590593]
2022/12/13 PM 07:34:37 len(self.points) = 16
2022/12/13 PM 07:37:44 ===============Execution: JMLM===============
2022/12/13 PM 07:37:45 ======Layer 0======
2022/12/13 PM 07:39:08 mse = 1.0845590308970594
2022/12/13 PM 07:39:08 partial_mse = [1.0751132015470544, 0.24766739675797358]
2022/12/13 PM 07:39:08 len(self.points) = 2
2022/12/13 PM 07:39:08 ======Layer 1======
2022/12/13 PM 07:40:33 mse = 1.0836089451188982
2022/12/13 PM 07:40:33 partial_mse = [1.1108214394277287, 1.017433604699303, 1.1052597689074743]
2022/12/13 PM 07:40:33 len(self.points) = 5
2022/12/13 PM 07:40:33 ======Layer 2======
2022/12/13 PM 07:42:00 mse = 1.081006322645369
2022/12/13 PM 07:42:00 partial_mse = [0.974836819761869, 1.280561356584934]
2022/12/13 PM 07:42:00 len(self.points) = 7
2022/12/13 PM 07:42:23 ===============Execution: JMLM===============
2022/12/13 PM 07:42:24 ======Layer 0======
2022/12/13 PM 07:42:41 mse = 1.0790626130871568
2022/12/13 PM 07:42:41 partial_mse = [1.0778673870329327, 0.24766739675797358]
2022/12/13 PM 07:42:41 len(self.points) = 2
2022/12/13 PM 07:42:41 ======Layer 1======
2022/12/13 PM 07:42:58 mse = 1.08774666196519
2022/12/13 PM 07:42:58 partial_mse = [1.1162269012362478, 1.0141394637772223, 1.132845563025623]
2022/12/13 PM 07:42:58 len(self.points) = 5
2022/12/13 PM 07:42:58 ======Layer 2======
2022/12/13 PM 07:43:17 mse = 1.0824255806081158
2022/12/13 PM 07:43:17 partial_mse = [1.2172822175269686, 1.0049368329662345, 1.0532516208588516]
2022/12/13 PM 07:43:17 len(self.points) = 8
2022/12/13 PM 07:43:33 mse = 1.0759454877477268
2022/12/13 PM 07:43:33 partial_mse = [0.9221466017108164, 1.146403693163969, 0.9219733314743142]
2022/12/13 PM 07:43:33 len(self.points) = 11
2022/12/13 PM 07:43:47 mse = 1.0663726899452297
2022/12/13 PM 07:43:47 partial_mse = [0.9684777537745276, 1.2897950585912232]
2022/12/13 PM 07:43:47 len(self.points) = 13
2022/12/13 PM 07:43:47 ======Layer 3======
2022/12/13 PM 07:43:53 mse = 1.0652148959406371
2022/12/13 PM 07:43:53 partial_mse = [0.8484306932326102, 1.5715680644619183, 1.118635335698138]
2022/12/13 PM 07:43:53 len(self.points) = 16
2022/12/13 PM 07:43:59 ===============Execution: JMLM===============
2022/12/13 PM 07:44:00 ======Layer 0======
2022/12/13 PM 07:44:17 mse = 1.0690608453682526
2022/12/13 PM 07:44:17 partial_mse = [1.080424558936859, 0.0]
2022/12/13 PM 07:44:17 len(self.points) = 2
2022/12/13 PM 07:44:17 ======Layer 1======
2022/12/13 PM 07:44:34 mse = 1.065931495222419
2022/12/13 PM 07:44:34 partial_mse = [1.1171567835312262, 1.026893896904642, 1.1027998905533738]
2022/12/13 PM 07:44:34 len(self.points) = 5
2022/12/13 PM 07:44:34 ======Layer 2======
2022/12/13 PM 07:44:49 mse = 1.065235124463384
2022/12/13 PM 07:44:49 partial_mse = [1.2636102061575243, 0.9783848285513438]
2022/12/13 PM 07:44:49 len(self.points) = 7
2022/12/13 PM 07:45:05 mse = 1.05993110470598
2022/12/13 PM 07:45:05 partial_mse = [1.1578269903460903, 0.9321971167737069, 0.9581953555509568]
2022/12/13 PM 07:45:05 len(self.points) = 10
2022/12/13 PM 07:45:21 mse = 1.0480899441753047
2022/12/13 PM 07:45:21 partial_mse = [1.2378604114135352, 1.0611925639233135, 0.9762028502573784]
2022/12/13 PM 07:45:21 len(self.points) = 13
2022/12/13 PM 07:45:21 ======Layer 3======
2022/12/13 PM 07:45:28 mse = 1.0474958818398776
2022/12/13 PM 07:45:28 partial_mse = [1.1142640356198714, 1.348197410526338, 1.3361223263810906]
2022/12/13 PM 07:45:28 len(self.points) = 16
2022/12/13 PM 07:45:36 ===============Execution: JMLM===============
2022/12/13 PM 07:45:37 ======Layer 0======
2022/12/13 PM 07:45:54 mse = 1.0801046085116928
2022/12/13 PM 07:45:54 partial_mse = [1.0776068757395172, 0.24766739675797358]
2022/12/13 PM 07:45:54 len(self.points) = 2
2022/12/13 PM 07:45:54 ======Layer 1======
2022/12/13 PM 07:46:10 mse = 1.0799694690357502
2022/12/13 PM 07:46:10 partial_mse = [1.016010211916721, 1.114261547210857, 1.113847407689009]
2022/12/13 PM 07:46:10 len(self.points) = 5
2022/12/13 PM 07:46:11 ======Layer 2======
2022/12/13 PM 07:46:27 mse = 1.0728562485821374
2022/12/13 PM 07:46:27 partial_mse = [0.9144982462044341, 0.9209986062864957, 1.1623911385163852]
2022/12/13 PM 07:46:27 len(self.points) = 8
2022/12/13 PM 07:46:43 mse = 1.0677323179750096
2022/12/13 PM 07:46:43 partial_mse = [1.0093269450138929, 1.277165175993996]
2022/12/13 PM 07:46:43 len(self.points) = 10
2022/12/13 PM 07:46:59 mse = 1.0642393947681235
2022/12/13 PM 07:46:59 partial_mse = [1.2696664790316485, 0.9933915635286542]
2022/12/13 PM 07:46:59 len(self.points) = 12
2022/12/13 PM 07:46:59 ======Layer 3======
2022/12/13 PM 07:47:04 mse = 1.0653797940465473
2022/12/13 PM 07:47:04 partial_mse = [0.940451545021993, 0.9399787366365353]
2022/12/13 PM 07:47:04 len(self.points) = 14
2022/12/13 PM 07:47:10 mse = 1.0657189592855438
2022/12/13 PM 07:47:10 partial_mse = [0.869106499171587, 0.9967563032330438]
2022/12/13 PM 07:47:10 len(self.points) = 16
2022/12/13 PM 07:47:17 ===============Execution: JMLM===============
2022/12/13 PM 07:47:18 ======Layer 0======
2022/12/13 PM 07:47:35 mse = 1.044806420229425
2022/12/13 PM 07:47:35 partial_mse = [1.0864318441300684, 0.24766739675797358]
2022/12/13 PM 07:47:35 len(self.points) = 2
2022/12/13 PM 07:47:35 ======Layer 1======
2022/12/13 PM 07:47:52 mse = 1.0451136761413427
2022/12/13 PM 07:47:52 partial_mse = [1.128988711954944, 1.0127551473059857]
2022/12/13 PM 07:47:52 len(self.points) = 4
2022/12/13 PM 07:47:52 ======Layer 2======
2022/12/13 PM 07:48:07 mse = 1.0459143932038175
2022/12/13 PM 07:48:07 partial_mse = [1.2877086162631166, 1.148012092481729, 1.033693055754856]
2022/12/13 PM 07:48:07 len(self.points) = 7
2022/12/13 PM 07:48:24 mse = 1.0409296850522327
2022/12/13 PM 07:48:24 partial_mse = [0.9523423418436983, 1.153426360508123, 0.9145148832066791]
2022/12/13 PM 07:48:24 len(self.points) = 10
2022/12/13 PM 07:48:24 ======Layer 3======
2022/12/13 PM 07:48:32 mse = 1.0443289594269054
2022/12/13 PM 07:48:32 partial_mse = [1.573582876859513, 1.1848960118985445, 0.9503565257650382]
2022/12/13 PM 07:48:32 len(self.points) = 13
2022/12/13 PM 07:48:46 mse = 1.03432238926404
2022/12/13 PM 07:48:46 partial_mse = [0.984341183191684, 1.3009358576873893]
2022/12/13 PM 07:48:46 len(self.points) = 15
2022/12/13 PM 07:48:55 mse = 1.0289443010224495
2022/12/13 PM 07:48:55 partial_mse = [1.1572843701346645, 0.8989559259273643, 0.8889445355837765]
2022/12/13 PM 07:48:55 len(self.points) = 18
2022/12/13 PM 07:49:01 ===============Execution: JMLM===============
2022/12/13 PM 07:49:02 ======Layer 0======
2022/12/13 PM 07:49:18 mse = 1.0690464762643863
2022/12/13 PM 07:49:18 partial_mse = [1.0803715407914638, 0.24766739675797358]
2022/12/13 PM 07:49:18 len(self.points) = 2
2022/12/13 PM 07:49:18 ======Layer 1======
2022/12/13 PM 07:49:35 mse = 1.076674866063265
2022/12/13 PM 07:49:35 partial_mse = [1.130550487408299, 1.0195139421420705, 1.1227152683902124]
2022/12/13 PM 07:49:35 len(self.points) = 5
2022/12/13 PM 07:49:35 ======Layer 2======
2022/12/13 PM 07:49:53 mse = 1.0641430900588762
2022/12/13 PM 07:49:53 partial_mse = [0.9582636942101451, 1.3006569830905157]
2022/12/13 PM 07:49:53 len(self.points) = 7
2022/12/13 PM 07:50:09 mse = 1.0613658232141585
2022/12/13 PM 07:50:09 partial_mse = [1.1668056206248025, 0.9542804064216557, 0.9039399795384806]
2022/12/13 PM 07:50:09 len(self.points) = 10
2022/12/13 PM 07:50:27 mse = 1.0520731150072415
2022/12/13 PM 07:50:27 partial_mse = [1.0725936255309505, 1.2470818804829196, 0.9966227684211453]
2022/12/13 PM 07:50:27 len(self.points) = 13
2022/12/13 PM 07:50:27 ======Layer 3======
2022/12/13 PM 07:50:35 mse = 1.0431273506072938
2022/12/13 PM 07:50:35 partial_mse = [0.9364664076059769, 1.0907897495972283, 0.7462201812381336]
2022/12/13 PM 07:50:35 len(self.points) = 16
2022/12/13 PM 07:50:42 ===============Execution: JMLM===============
2022/12/13 PM 07:50:43 ======Layer 0======
2022/12/13 PM 07:51:00 mse = 1.0939680001176868
2022/12/13 PM 07:51:00 partial_mse = [1.074140862364259, 0.24766739675797358]
2022/12/13 PM 07:51:00 len(self.points) = 2
2022/12/13 PM 07:51:00 ======Layer 1======
2022/12/13 PM 07:51:17 mse = 1.095458856071425
2022/12/13 PM 07:51:17 partial_mse = [1.1342488101419068, 1.0095654693258305, 1.1153545817963018]
2022/12/13 PM 07:51:17 len(self.points) = 5
2022/12/13 PM 07:51:17 ======Layer 2======
2022/12/13 PM 07:51:32 mse = 1.089597325062562
2022/12/13 PM 07:51:32 partial_mse = [0.9725338045554599, 1.2567237382712966]
2022/12/13 PM 07:51:32 len(self.points) = 7
2022/12/13 PM 07:51:49 mse = 1.083253374463514
2022/12/13 PM 07:51:49 partial_mse = [0.9133590335073819, 1.1436168340085004, 0.9220493174273379]
2022/12/13 PM 07:51:49 len(self.points) = 10
2022/12/13 PM 07:52:04 mse = 1.0700480624748117
2022/12/13 PM 07:52:04 partial_mse = [0.9865995736021459, 1.0651194352112587, 1.2399135851129743]
2022/12/13 PM 07:52:04 len(self.points) = 13
2022/12/13 PM 07:52:04 ======Layer 3======
2022/12/13 PM 07:52:12 mse = 1.0657397395385872
2022/12/13 PM 07:52:12 partial_mse = [0.9291998076844062, 1.0123487628224466]
2022/12/13 PM 07:52:12 len(self.points) = 15
2022/12/13 PM 07:52:19 mse = 1.0665972541462867
2022/12/13 PM 07:52:19 partial_mse = [1.1105367157386223, 1.340100489103936, 1.343548796442861]
2022/12/13 PM 07:52:19 len(self.points) = 18
2022/12/13 PM 07:52:26 ===============Execution: JMLM===============
2022/12/13 PM 07:52:27 ======Layer 0======
2022/12/13 PM 07:52:44 mse = 1.0717521738219689
2022/12/13 PM 07:52:44 partial_mse = [1.1224784431925547, 1.0153476952604314, 1.1068159979890735]
2022/12/13 PM 07:52:44 len(self.points) = 3
2022/12/13 PM 07:52:44 ======Layer 1======
2022/12/13 PM 07:53:00 mse = 1.0679979788712743
2022/12/13 PM 07:53:00 partial_mse = [1.2972859395078407, 0.9848964586827799]
2022/12/13 PM 07:53:00 len(self.points) = 5
2022/12/13 PM 07:53:16 mse = 1.063534502750079
2022/12/13 PM 07:53:16 partial_mse = [0.9182034667924812, 1.147693186095607]
2022/12/13 PM 07:53:16 len(self.points) = 7
2022/12/13 PM 07:53:34 mse = 1.06686021626159
2022/12/13 PM 07:53:34 partial_mse = [1.0257703060223913, 1.2673353227913513]
2022/12/13 PM 07:53:34 len(self.points) = 9
2022/12/13 PM 07:53:34 ======Layer 2======
2022/12/13 PM 07:53:41 mse = 1.065243898152473
2022/12/13 PM 07:53:41 partial_mse = [1.3535085061253203, 1.118127751981307, 1.315568718902989]
2022/12/13 PM 07:53:41 len(self.points) = 12
2022/12/13 PM 07:53:49 mse = 1.0637126213888584
2022/12/13 PM 07:53:49 partial_mse = [1.0280022757438314, 0.9363010605798885]
2022/12/13 PM 07:53:49 len(self.points) = 14
2022/12/13 PM 07:53:57 mse = 1.06249270476776
2022/12/13 PM 07:53:57 partial_mse = [0.8938236825062275, 0.9440420816634276]
2022/12/13 PM 07:53:57 len(self.points) = 16
2022/12/13 PM 07:54:05 ===============Execution: JMLM===============
2022/12/13 PM 07:54:06 ======Layer 0======
2022/12/13 PM 07:54:23 mse = 1.0800571999510409
2022/12/13 PM 07:54:23 partial_mse = [1.0157200327305278, 0.24766739675797358, 1.1403808310611796]
2022/12/13 PM 07:54:23 len(self.points) = 3
2022/12/13 PM 07:54:23 ======Layer 1======
2022/12/13 PM 07:54:38 mse = 1.0749980271755903
2022/12/13 PM 07:54:38 partial_mse = [0.9069481744379444, 0.9147495671917765, 1.1656319197536718]
2022/12/13 PM 07:54:38 len(self.points) = 6
2022/12/13 PM 07:54:54 mse = 1.0618499138577053
2022/12/13 PM 07:54:54 partial_mse = [1.123861574518753, 0.980923045744117, 1.279733512583942]
2022/12/13 PM 07:54:54 len(self.points) = 9
2022/12/13 PM 07:54:54 ======Layer 2======
2022/12/13 PM 07:55:00 mse = 1.0629937436945096
2022/12/13 PM 07:55:00 partial_mse = [0.8815392424857813, 0.9716980901664249]
2022/12/13 PM 07:55:00 len(self.points) = 11
2022/12/13 PM 07:55:05 mse = 1.060744043491117
2022/12/13 PM 07:55:05 partial_mse = [0.9261491540142004, 0.9067741759857026]
2022/12/13 PM 07:55:05 len(self.points) = 13
2022/12/13 PM 07:55:11 mse = 1.065563564090647
2022/12/13 PM 07:55:11 partial_mse = [0.9869974518036672, 1.4133954371042807, 1.170949545505392]
2022/12/13 PM 07:55:11 len(self.points) = 16
2022/12/13 PM 07:55:29 ===============Execution: JMLM===============
2022/12/13 PM 07:55:30 ======Layer 0======
2022/12/13 PM 07:55:47 mse = 1.0887779360785603
2022/12/13 PM 07:55:47 partial_mse = [1.075438440322764, 0.24766739675797358]
2022/12/13 PM 07:55:47 len(self.points) = 2
2022/12/13 PM 07:55:47 ======Layer 1======
2022/12/13 PM 07:56:04 mse = 1.0938037662515108
2022/12/13 PM 07:56:04 partial_mse = [1.136546609842257, 1.0084794289712238]
2022/12/13 PM 07:56:04 len(self.points) = 4
2022/12/13 PM 07:56:04 ======Layer 2======
2022/12/13 PM 07:56:19 mse = 1.0858362542527729
2022/12/13 PM 07:56:19 partial_mse = [1.0134361168920658, 1.1416642842263276, 1.2656700540287034]
2022/12/13 PM 07:56:19 len(self.points) = 7
2022/12/13 PM 07:56:36 mse = 1.0836575668599329
2022/12/13 PM 07:56:36 partial_mse = [0.9081358153701424, 1.1565665537379144, 0.943695882736386]
2022/12/13 PM 07:56:36 len(self.points) = 10
2022/12/13 PM 07:56:36 ======Layer 3======
2022/12/13 PM 07:56:45 mse = 1.0730592861580905
2022/12/13 PM 07:56:45 partial_mse = [0.9026247023614928, 1.0220098747153628, 0.891653879227406]
2022/12/13 PM 07:56:45 len(self.points) = 13
2022/12/13 PM 07:57:02 mse = 1.0628060843762988
2022/12/13 PM 07:57:02 partial_mse = [1.2852961497950433, 0.9873361559080731]
2022/12/13 PM 07:57:02 len(self.points) = 15
2022/12/13 PM 07:57:10 mse = 1.067024942515157
2022/12/13 PM 07:57:10 partial_mse = [1.3198731258896488, 1.1813878786044434]
2022/12/13 PM 07:57:10 len(self.points) = 17
2022/12/13 PM 07:57:16 ===============Execution: JMLM===============
2022/12/13 PM 07:57:17 ======Layer 0======
2022/12/13 PM 07:57:34 mse = 1.0769013400172702
2022/12/13 PM 07:57:34 partial_mse = [1.0784077310974092, 0.24766739675797358]
2022/12/13 PM 07:57:34 len(self.points) = 2
2022/12/13 PM 07:57:34 ======Layer 1======
2022/12/13 PM 07:57:52 mse = 1.079133017758204
2022/12/13 PM 07:57:52 partial_mse = [1.1371874212840856, 1.0176651470186728, 1.1156749121792031]
2022/12/13 PM 07:57:52 len(self.points) = 5
2022/12/13 PM 07:57:52 ======Layer 2======
2022/12/13 PM 07:58:06 mse = 1.0720875914989347
2022/12/13 PM 07:58:06 partial_mse = [0.9836818216069632, 1.2753480416243035]
2022/12/13 PM 07:58:06 len(self.points) = 7
2022/12/13 PM 07:58:23 mse = 1.0650074934044005
2022/12/13 PM 07:58:23 partial_mse = [0.9298054218485425, 0.9150264571027726, 1.1561709806401712]
2022/12/13 PM 07:58:23 len(self.points) = 10
2022/12/13 PM 07:58:41 mse = 1.0557754024017771
2022/12/13 PM 07:58:41 partial_mse = [1.2359661513724653, 1.06892923040078, 0.9900625935489062]
2022/12/13 PM 07:58:41 len(self.points) = 13
2022/12/13 PM 07:58:41 ======Layer 3======
2022/12/13 PM 07:58:48 mse = 1.0482368072611072
2022/12/13 PM 07:58:48 partial_mse = [0.7465645983603968, 0.9692263569922135, 1.1148631976656773]
2022/12/13 PM 07:58:48 len(self.points) = 16
2022/12/13 PM 08:01:15 ===============Execution: JMLM===============
2022/12/13 PM 08:01:16 ======Layer 0======
2022/12/13 PM 08:01:55 mse = 1.078302045521655
2022/12/13 PM 08:01:55 partial_mse = [1.0780575380024602, 0.24766739675797358]
2022/12/13 PM 08:01:55 len(self.points) = 2
2022/12/13 PM 08:01:55 ======Layer 1======
2022/12/13 PM 08:02:45 mse = 1.0852609212194633
2022/12/13 PM 08:02:45 partial_mse = [0.9761493956126241, 1.0176408719298302, 1.017609856027079, 1.2892719662185523, 1.256869356033919]
2022/12/13 PM 08:02:45 len(self.points) = 7
2022/12/13 PM 08:02:45 ======Layer 2======
2022/12/13 PM 08:03:04 mse = 1.0755819982017294
2022/12/13 PM 08:03:04 partial_mse = [0.7470220672611148, 0.9576617376010677, 1.1101326802396407]
2022/12/13 PM 08:03:04 len(self.points) = 10
2022/12/13 PM 08:03:41 mse = 1.0716137772958305
2022/12/13 PM 08:03:41 partial_mse = [0.9132527365632124, 0.9252051163695472, 1.1592342933368995]
2022/12/13 PM 08:03:41 len(self.points) = 13
2022/12/13 PM 08:04:03 mse = 1.053867902706835
2022/12/13 PM 08:04:03 partial_mse = [0.8902640411427046, 0.875701526800969, 0.8396339971151807, 1.1518994079439735, 0.9942436120417026]
2022/12/13 PM 08:04:03 len(self.points) = 18
2022/12/13 PM 08:04:23 mse = 1.0504555126891737
2022/12/13 PM 08:04:23 partial_mse = [1.3047609299312712, 0.9291838931700268, 1.2636379233816852, 1.3633861146192792]
2022/12/13 PM 08:04:23 len(self.points) = 22
2022/12/13 PM 08:04:45 mse = 1.0430023537422695
2022/12/13 PM 08:04:45 partial_mse = [1.0782231530348891, 0.8780635729114296, 1.1510509491901553, 1.4684583588522568, 1.1955744064486054]
2022/12/13 PM 08:04:45 len(self.points) = 27
2022/12/13 PM 08:04:45 ======Layer 3======
2022/12/13 PM 08:04:55 mse = 1.0451941553238906
2022/12/13 PM 08:04:55 partial_mse = [0.6491846554651213, 0.8926486809985977, 0.9508276942925304]
2022/12/13 PM 08:04:55 len(self.points) = 30
2022/12/13 PM 08:05:08 mse = 1.0435631041114373
2022/12/13 PM 08:05:08 partial_mse = [0.8500691039211525, 1.0068377967208455, 0.9312766464550029, 0.8832205601404108, 0.9299962237557339]
2022/12/13 PM 08:05:08 len(self.points) = 35
2022/12/13 PM 08:05:20 mse = 1.0409772313719543
2022/12/13 PM 08:05:20 partial_mse = [1.0501382588199106, 0.9155559783615159, 0.8509256249380229, 1.1397107199319318, 1.5890463813513704]
2022/12/13 PM 08:05:20 len(self.points) = 40
2022/12/13 PM 08:05:35 mse = 1.0342940451045224
2022/12/13 PM 08:05:35 partial_mse = [0.9058977106397187, 0.7647057952654255, 1.0438443001753404, 0.7722878589514992, 0.8883826730333191]
2022/12/13 PM 08:05:35 len(self.points) = 45
2022/12/13 PM 08:05:49 mse = 1.0342528748545674
2022/12/13 PM 08:05:49 partial_mse = [0.942562196987664, 0.906363636064674]
2022/12/13 PM 08:05:49 len(self.points) = 47
2022/12/13 PM 08:06:06 mse = 1.0281892574624163
2022/12/13 PM 08:06:06 partial_mse = [1.3539797808337017, 0.9617827787785286, 1.061268117834803, 1.0152226991376214]
2022/12/13 PM 08:06:06 len(self.points) = 51
2022/12/13 PM 08:06:16 mse = 1.0226092558502025
2022/12/13 PM 08:06:16 partial_mse = [0.8089943676388076, 0.8275852471006535, 0.7439072001337754, 1.0797361518254291, 0.8228767874573525]
2022/12/13 PM 08:06:16 len(self.points) = 56
2022/12/13 PM 08:06:27 mse = 1.0225831315120222
2022/12/13 PM 08:06:27 partial_mse = [0.4803565266925223, 1.0615548691810281, 0.9485071154581837, 1.0591736118574024, 0.5568708002871773]
2022/12/13 PM 08:06:27 len(self.points) = 61
2022/12/13 PM 08:06:38 mse = 1.0210490157000467
2022/12/13 PM 08:06:38 partial_mse = [1.1761557700552188, 0.7865217742526169, 0.758524069574995]
2022/12/13 PM 08:06:38 len(self.points) = 64
2022/12/13 PM 08:06:48 mse = 1.0205278941576523
2022/12/13 PM 08:06:48 partial_mse = [1.4395899611238052, 0.7544689846632026, 0.9880945173726335, 0.921534689624343, 1.2920493118509424]
2022/12/13 PM 08:06:48 len(self.points) = 69
2022/12/13 PM 08:06:58 mse = 1.0191889313264697
2022/12/13 PM 08:06:58 partial_mse = [1.0451522418837682, 0.8940625551388498]
2022/12/13 PM 08:06:58 len(self.points) = 71
2022/12/13 PM 08:07:09 mse = 1.0221747411678415
2022/12/13 PM 08:07:09 partial_mse = [1.8079695268981884, 1.1289477686755003, 0.9578403649637933]
2022/12/13 PM 08:07:09 len(self.points) = 74
2022/12/13 PM 08:07:20 mse = 1.0205232775580608
2022/12/13 PM 08:07:20 partial_mse = [0.7094698624653407, 0.9588157417285146, 0.7163279395671085, 1.0698360145030679]
2022/12/13 PM 08:07:20 len(self.points) = 78
2022/12/13 PM 08:07:30 mse = 1.0189866487830006
2022/12/13 PM 08:07:30 partial_mse = [1.6451822556231517, 1.0194875138475612]
2022/12/13 PM 08:07:30 len(self.points) = 80
2022/12/13 PM 08:07:42 mse = 1.0134137904040732
2022/12/13 PM 08:07:42 partial_mse = [1.2867792400152085, 0.8218887218421043, 1.4579677556519492]
2022/12/13 PM 08:07:42 len(self.points) = 83
2022/12/13 PM 08:07:53 mse = 1.0130801216858558
2022/12/13 PM 08:07:53 partial_mse = [0.8465922381524694, 1.0761785345319745, 1.3148053429880666, 0.7511215611836184, 1.084507119748093]
2022/12/13 PM 08:07:53 len(self.points) = 88
2022/12/13 PM 08:08:04 mse = 1.0120166399374035
2022/12/13 PM 08:08:04 partial_mse = [0.7415243938707917, 0.9112089881273816, 0.8784064974515182, 0.9547736298317525]
2022/12/13 PM 08:08:04 len(self.points) = 92
2022/12/13 PM 08:08:14 mse = 1.0153725295426925
2022/12/13 PM 08:08:14 partial_mse = [1.530775424531112, 1.0868545976656352]
2022/12/13 PM 08:08:14 len(self.points) = 94
2022/12/13 PM 08:08:25 mse = 1.0119148136708387
2022/12/13 PM 08:08:25 partial_mse = [1.7498172503785085, 1.188667116251618, 0.9372113764222006, 1.8181933079119963]
2022/12/13 PM 08:08:25 len(self.points) = 98
2022/12/13 PM 08:08:35 mse = 1.00837949449378
2022/12/13 PM 08:08:35 partial_mse = [1.0642331732212396, 1.1638980640340049]
2022/12/13 PM 08:08:35 len(self.points) = 100
2022/12/13 PM 08:08:35 ===============Execution: JMLM===============
2022/12/13 PM 08:08:36 ======Layer 0======
2022/12/13 PM 08:09:14 mse = 1.0962928714322002
2022/12/13 PM 08:09:14 partial_mse = [1.0735596167859134, 0.24766739675797358]
2022/12/13 PM 08:09:14 len(self.points) = 2
2022/12/13 PM 08:09:14 ======Layer 1======
2022/12/13 PM 08:10:03 mse = 1.095862729943846
2022/12/13 PM 08:10:03 partial_mse = [1.1105405196416251, 1.0147765770704986, 1.1043100871963085]
2022/12/13 PM 08:10:03 len(self.points) = 5
2022/12/13 PM 08:10:03 ======Layer 2======
2022/12/13 PM 08:10:35 mse = 1.0896322236518505
2022/12/13 PM 08:10:35 partial_mse = [1.1656711681002039, 0.7646835060304709, 1.4003015824750946, 1.0612754979821883, 0.9545855769770379]
2022/12/13 PM 08:10:35 len(self.points) = 10
2022/12/13 PM 08:11:11 mse = 1.0822533593244053
2022/12/13 PM 08:11:11 partial_mse = [1.155616980651098, 0.9271700177436882, 0.9165928439265952]
2022/12/13 PM 08:11:11 len(self.points) = 13
2022/12/13 PM 08:11:48 mse = 1.0699924880930178
2022/12/13 PM 08:11:48 partial_mse = [1.2133774878562322, 0.969637291484631, 1.0797539159698275]
2022/12/13 PM 08:11:48 len(self.points) = 16
2022/12/13 PM 08:11:48 ======Layer 3======
2022/12/13 PM 08:12:01 mse = 1.062464192320187
2022/12/13 PM 08:12:01 partial_mse = [1.0807107884033167, 0.9307227285413532, 1.1001065576265323]
2022/12/13 PM 08:12:01 len(self.points) = 19
2022/12/13 PM 08:12:12 mse = 1.0671628099671422
2022/12/13 PM 08:12:12 partial_mse = [1.0465391067841887, 0.6950978000548743, 0.662259354138356, 0.811653501454736, 0.808371366967477]
2022/12/13 PM 08:12:12 len(self.points) = 24
2022/12/13 PM 08:12:24 mse = 1.0640422232602764
2022/12/13 PM 08:12:24 partial_mse = [1.2407731114483453, 2.095570798643086, 1.0426935718639994, 1.396598049983976, 1.422801724091263]
2022/12/13 PM 08:12:24 len(self.points) = 29
2022/12/13 PM 08:12:37 mse = 1.0609118541853217
2022/12/13 PM 08:12:37 partial_mse = [1.351710442598508, 1.1127190161385898, 0.8795832246901248, 0.9103256770707802]
2022/12/13 PM 08:12:37 len(self.points) = 33
2022/12/13 PM 08:12:50 mse = 1.0603066963634171
2022/12/13 PM 08:12:50 partial_mse = [0.9250248944325545, 0.9236794912946109, 1.1391974745440927, 0.8549917854934049]
2022/12/13 PM 08:12:50 len(self.points) = 37
2022/12/13 PM 08:13:07 mse = 1.055691163166993
2022/12/13 PM 08:13:07 partial_mse = [1.0673359901985897, 1.0215337806187657, 0.9287924097601015, 1.3411819138144108]
2022/12/13 PM 08:13:07 len(self.points) = 41
2022/12/13 PM 08:13:21 mse = 1.053129759459114
2022/12/13 PM 08:13:21 partial_mse = [1.0413890306516507, 0.7968413116873553, 0.8346418450350619, 0.9684907406200634]
2022/12/13 PM 08:13:21 len(self.points) = 45
2022/12/13 PM 08:13:37 mse = 1.0509363413395145
2022/12/13 PM 08:13:37 partial_mse = [0.8681590852443057, 1.001519504864452, 0.7747726903271371, 0.9184452390872694]
2022/12/13 PM 08:13:37 len(self.points) = 49
2022/12/13 PM 08:13:54 mse = 1.0462989352976686
2022/12/13 PM 08:13:54 partial_mse = [1.5341462471822118, 0.8263262596231246, 1.150359148046903, 1.0876937304470864, 1.0298687984895936]
2022/12/13 PM 08:13:54 len(self.points) = 54
2022/12/13 PM 08:14:10 mse = 1.0299806189227894
2022/12/13 PM 08:14:10 partial_mse = [0.8165350610154724, 1.043934119596774, 0.8540187155518044, 0.8829661525264831, 0.7651515923612076]
2022/12/13 PM 08:14:10 len(self.points) = 59
2022/12/13 PM 08:14:26 mse = 1.0266398088016182
2022/12/13 PM 08:14:26 partial_mse = [1.0990717753907273, 1.1938625168589958, 0.8310457942781246, 0.9736991959926832]
2022/12/13 PM 08:14:26 len(self.points) = 63
2022/12/13 PM 08:14:26 ======Layer 4======
2022/12/13 PM 08:14:36 mse = 1.0261324331359876
2022/12/13 PM 08:14:36 partial_mse = [1.0633864563539048, 1.1862899116291967, 1.0567753067787085]
2022/12/13 PM 08:14:36 len(self.points) = 66
2022/12/13 PM 08:14:46 mse = 1.0248489736943875
2022/12/13 PM 08:14:46 partial_mse = [0.7106441340962185, 0.9765028004484233, 1.1522923458950927, 0.5758499574684308, 1.3086161813509174]
2022/12/13 PM 08:14:46 len(self.points) = 71
2022/12/13 PM 08:14:56 mse = 1.0253238718854472
2022/12/13 PM 08:14:56 partial_mse = [1.159172345473812, 0.9635945952448985]
2022/12/13 PM 08:14:56 len(self.points) = 73
2022/12/13 PM 08:15:05 mse = 1.0247847863724597
2022/12/13 PM 08:15:05 partial_mse = [0.6744512691190999, 0.8293418918396495, 1.2287606594962148, 0.9909345729553811]
2022/12/13 PM 08:15:05 len(self.points) = 77
2022/12/13 PM 08:15:15 mse = 1.024376744725101
2022/12/13 PM 08:15:15 partial_mse = [0.7452772223101469, 0.9728657256640665, 0.5011301503893987, 0.4733570260436599, 0.6927453631978876]
2022/12/13 PM 08:15:15 len(self.points) = 82
2022/12/13 PM 08:15:25 mse = 1.0236942893555896
2022/12/13 PM 08:15:25 partial_mse = [0.6535683529689373, 0.540386358047604, 0.5499652121983846, 0.47306051251584713, 0.7721421118120122]
2022/12/13 PM 08:15:25 len(self.points) = 87
2022/12/13 PM 08:15:34 mse = 1.0234405187573348
2022/12/13 PM 08:15:34 partial_mse = [0.3719080880419785, 1.4520694143926645, 0.36303042506625427, 1.0217231335671655, 0.8947939626229263]
2022/12/13 PM 08:15:34 len(self.points) = 92
2022/12/13 PM 08:15:44 mse = 1.0226095024412485
2022/12/13 PM 08:15:44 partial_mse = [0.7587463222601407, 0.8140806716071386, 0.6226036655268573]
2022/12/13 PM 08:15:44 len(self.points) = 95
2022/12/13 PM 08:15:54 mse = 1.0219266765332689
2022/12/13 PM 08:15:54 partial_mse = [1.0827258176189187, 1.126925286832552, 1.2318503354874368]
2022/12/13 PM 08:15:54 len(self.points) = 98
2022/12/13 PM 08:16:03 mse = 1.0154062018211354
2022/12/13 PM 08:16:03 partial_mse = [1.8535027262942403, 1.4740701042686106, 1.2940849425295962, 1.8035248801055772, 1.1342277931575606]
2022/12/13 PM 08:16:03 len(self.points) = 103
2022/12/13 PM 08:16:13 ===============Execution: JMLM===============
2022/12/13 PM 08:16:14 ======Layer 0======
2022/12/13 PM 08:16:54 mse = 1.0762458833847448
2022/12/13 PM 08:16:54 partial_mse = [1.0195443305971825, 1.7259211471651534, 1.1378613232602164, 1.1191032318708132]
2022/12/13 PM 08:16:54 len(self.points) = 4
2022/12/13 PM 08:16:54 ======Layer 1======
2022/12/13 PM 08:17:29 mse = 1.07335351240328
2022/12/13 PM 08:17:29 partial_mse = [1.1554496296464152, 0.924316144729902, 0.9381239017432788]
2022/12/13 PM 08:17:29 len(self.points) = 7
2022/12/13 PM 08:18:02 mse = 1.067383307171253
2022/12/13 PM 08:18:02 partial_mse = [0.938334601842152, 1.173574693266459, 0.9884930293805128, 1.3784756719493692]
2022/12/13 PM 08:18:02 len(self.points) = 11
2022/12/13 PM 08:18:41 mse = 1.0635504876992825
2022/12/13 PM 08:18:41 partial_mse = [1.1446034795761706, 1.3309472848043389, 0.9007876691047174, 1.1647365017651685, 0.8854502612503546]
2022/12/13 PM 08:18:41 len(self.points) = 16
2022/12/13 PM 08:18:41 ======Layer 2======
2022/12/13 PM 08:18:58 mse = 1.0574859967378087
2022/12/13 PM 08:18:58 partial_mse = [0.9823448838520046, 1.3312088128539823, 0.9857886501699763, 0.9642983026435429]
2022/12/13 PM 08:18:58 len(self.points) = 20
2022/12/13 PM 08:19:13 mse = 1.0551238048642066
2022/12/13 PM 08:19:13 partial_mse = [0.8470545851647527, 0.929910013040215, 0.7810094172505256, 1.0032107099208942, 0.8941886286688272]
2022/12/13 PM 08:19:13 len(self.points) = 25
2022/12/13 PM 08:19:27 mse = 1.0514884667358764
2022/12/13 PM 08:19:27 partial_mse = [0.8831725980542002, 0.9610162521057701]
2022/12/13 PM 08:19:27 len(self.points) = 27
2022/12/13 PM 08:19:41 mse = 1.0492536832372092
2022/12/13 PM 08:19:41 partial_mse = [0.9385742292415551, 0.9122437494164176]
2022/12/13 PM 08:19:41 len(self.points) = 29
2022/12/13 PM 08:19:54 mse = 1.0416202881598509
2022/12/13 PM 08:19:54 partial_mse = [1.2861517583040105, 0.9254046590511193, 0.9579472747343654, 1.2154823881246266, 1.0060243587084663]
2022/12/13 PM 08:19:54 len(self.points) = 34
2022/12/13 PM 08:20:07 mse = 1.0396569877615334
2022/12/13 PM 08:20:07 partial_mse = [0.904881846340403, 1.0657810995701333]
2022/12/13 PM 08:20:07 len(self.points) = 36
2022/12/13 PM 08:20:19 mse = 1.0360925172083113
2022/12/13 PM 08:20:19 partial_mse = [1.4608159224707835, 1.40212521832293, 1.0596986838101539]
2022/12/13 PM 08:20:19 len(self.points) = 39
2022/12/13 PM 08:20:32 mse = 1.0280297822811018
2022/12/13 PM 08:20:32 partial_mse = [1.0675485584573916, 1.4520227090928195, 0.9345954226106374, 0.9029889333977411, 0.7899730363890457]
2022/12/13 PM 08:20:32 len(self.points) = 44
2022/12/13 PM 08:20:45 mse = 1.0188537477787727
2022/12/13 PM 08:20:45 partial_mse = [2.1550489583596164, 0.8304091103095403, 1.0533155153227212, 1.5460729340089718, 1.2698539183013677]
2022/12/13 PM 08:20:45 len(self.points) = 49
2022/12/13 PM 08:20:59 mse = 1.0168095053467892
2022/12/13 PM 08:20:59 partial_mse = [0.751822491959862, 0.9274977661079659, 0.9277017175806722, 0.9097306170881908, 0.9011202734591891]
2022/12/13 PM 08:20:59 len(self.points) = 54
2022/12/13 PM 08:21:12 mse = 1.0116908025596378
2022/12/13 PM 08:21:12 partial_mse = [0.8214760249866059, 1.2154039616287877, 1.0210026428526808]
2022/12/13 PM 08:21:12 len(self.points) = 57
2022/12/13 PM 08:21:24 mse = 1.0110077538298388
2022/12/13 PM 08:21:24 partial_mse = [0.9038070811668164, 0.8699466190614819]
2022/12/13 PM 08:21:24 len(self.points) = 59
2022/12/13 PM 08:21:24 ======Layer 3======
2022/12/13 PM 08:21:34 mse = 1.0122550677030102
2022/12/13 PM 08:21:34 partial_mse = [1.1967609284595622, 0.8619149651594509]
2022/12/13 PM 08:21:34 len(self.points) = 61
2022/12/13 PM 08:21:44 mse = 1.009889872090582
2022/12/13 PM 08:21:44 partial_mse = [1.1067072646960943, 1.288170755634199, 1.3171340939133325, 1.239105937793731, 1.270176642642066]
2022/12/13 PM 08:21:44 len(self.points) = 66
2022/12/13 PM 08:21:54 ===============Execution: JMLM===============
2022/12/13 PM 08:21:55 mse = 1.0082639932219417
2022/12/13 PM 08:21:55 partial_mse = [0.9951353311804674, 0.7979901099878481, 1.0975052190348942]
2022/12/13 PM 08:21:55 len(self.points) = 69
2022/12/13 PM 08:21:55 ======Layer 0======
2022/12/13 PM 08:22:06 mse = 1.0109596496927151
2022/12/13 PM 08:22:06 partial_mse = [1.1910270650432349, 1.3416741280768107, 0.7179837671467398, 0.9752517326101826]
2022/12/13 PM 08:22:06 len(self.points) = 73
2022/12/13 PM 08:22:16 mse = 1.0089970714212173
2022/12/13 PM 08:22:16 partial_mse = [0.7317935908882023, 0.7842860980495813, 0.6809655596380598, 0.8255551334888067]
2022/12/13 PM 08:22:16 len(self.points) = 77
2022/12/13 PM 08:22:27 mse = 1.008039544119108
2022/12/13 PM 08:22:27 partial_mse = [0.9843957632748063, 0.878499531193293, 0.865721240004576, 0.80716491928306, 0.6793784487270699]
2022/12/13 PM 08:22:27 len(self.points) = 82
2022/12/13 PM 08:22:38 mse = 1.0088692734537787
2022/12/13 PM 08:22:38 partial_mse = [0.92595452698649, 0.8451906625839083, 0.8512057798544725, 0.8856498699315248, 1.0141454326930028]
2022/12/13 PM 08:22:38 len(self.points) = 87
2022/12/13 PM 08:22:40 mse = 1.0872615260106402
2022/12/13 PM 08:22:40 partial_mse = [1.0758037039592139, 0.0]
2022/12/13 PM 08:22:40 len(self.points) = 2
2022/12/13 PM 08:22:40 ======Layer 1======
2022/12/13 PM 08:22:48 mse = 1.0085774826308207
2022/12/13 PM 08:22:48 partial_mse = [0.9175675017691014, 1.3193763273197407, 0.9947518624550652, 0.7995469271285464, 0.9660839729924984]
2022/12/13 PM 08:22:48 len(self.points) = 92
2022/12/13 PM 08:22:59 mse = 1.0078782532691295
2022/12/13 PM 08:22:59 partial_mse = [0.8913637928240449, 0.8278155307900777, 0.9018886544685369]
2022/12/13 PM 08:22:59 len(self.points) = 95
2022/12/13 PM 08:23:13 mse = 1.006511941472523
2022/12/13 PM 08:23:13 partial_mse = [0.9236089403960738, 0.8124471510638178, 0.7386805241374705, 0.8084536784628156, 1.0625492928196116]
2022/12/13 PM 08:23:13 len(self.points) = 100
2022/12/13 PM 08:23:26 mse = 1.0076381618723824
2022/12/13 PM 08:23:26 partial_mse = [1.0140728970512032, 1.1874529536399325, 0.6804821704508662, 0.8512433994323877, 1.037598078009905]
2022/12/13 PM 08:23:26 len(self.points) = 105
2022/12/13 PM 08:23:37 mse = 1.0884363550183498
2022/12/13 PM 08:23:37 partial_mse = [1.2853937047730928, 0.9275136121851875, 1.1088181729367839, 0.9798000681271366, 1.1162457669702828]
2022/12/13 PM 08:23:37 len(self.points) = 7
2022/12/13 PM 08:23:38 ===============Execution: JMLM===============
2022/12/13 PM 08:23:39 ======Layer 0======
2022/12/13 PM 08:23:40 ===============Execution: JMLM===============
2022/12/13 PM 08:23:41 ======Layer 0======
2022/12/13 PM 08:24:25 mse = 1.105908527204588
2022/12/13 PM 08:24:25 partial_mse = [1.0711555880701287, 0.24766739675797358]
2022/12/13 PM 08:24:25 len(self.points) = 2
2022/12/13 PM 08:24:25 ======Layer 1======
2022/12/13 PM 08:24:28 mse = 1.0846687246527311
2022/12/13 PM 08:24:28 partial_mse = [1.0765224959699609, 0.0]
2022/12/13 PM 08:24:28 len(self.points) = 2
2022/12/13 PM 08:24:28 ======Layer 1======
2022/12/13 PM 08:25:23 mse = 1.1048459738090817
2022/12/13 PM 08:25:23 partial_mse = [1.1052947226685568, 1.017964469342613, 1.1011554515160797]
2022/12/13 PM 08:25:23 len(self.points) = 5
2022/12/13 PM 08:25:24 ======Layer 2======
2022/12/13 PM 08:25:24 mse = 1.0828345661961585
2022/12/13 PM 08:25:24 partial_mse = [1.1278008166178946, 1.254535757701201, 1.107786031948488, 0.9776997827164741, 0.9160126325010748]
2022/12/13 PM 08:25:24 len(self.points) = 7
2022/12/13 PM 08:25:24 ======Layer 2======
2022/12/13 PM 08:25:47 mse = 1.0793386006080337
2022/12/13 PM 08:25:47 partial_mse = [1.233185237570715, 1.0710795061959029, 1.1390301666939275, 0.9145196985080734]
2022/12/13 PM 08:25:47 len(self.points) = 11
2022/12/13 PM 08:26:05 mse = 1.0997323384245266
2022/12/13 PM 08:26:05 partial_mse = [1.2820276468725222, 0.9654537690641355]
2022/12/13 PM 08:26:05 len(self.points) = 7
2022/12/13 PM 08:26:09 mse = 1.0708251860996991
2022/12/13 PM 08:26:09 partial_mse = [1.203928988544787, 1.2924405336185372, 1.269931957737305, 0.9340502438563445]
2022/12/13 PM 08:26:09 len(self.points) = 15
2022/12/13 PM 08:26:49 mse = 1.0965486317949948
2022/12/13 PM 08:26:49 partial_mse = [1.1778338255880432, 0.9036197277537837, 0.9387274048338512]
2022/12/13 PM 08:26:49 len(self.points) = 10
2022/12/13 PM 08:26:52 mse = 1.0614718591191867
2022/12/13 PM 08:26:52 partial_mse = [1.0657922717401505, 1.2353551186650973, 0.9791330753227084]
2022/12/13 PM 08:26:52 len(self.points) = 18
2022/12/13 PM 08:27:16 mse = 1.0592027549156589
2022/12/13 PM 08:27:16 partial_mse = [0.9902070731133237, 1.1151845574467618, 0.8450380783137413, 0.9100590926227423]
2022/12/13 PM 08:27:16 len(self.points) = 22
2022/12/13 PM 08:27:30 mse = 1.0878194247751032
2022/12/13 PM 08:27:30 partial_mse = [0.7749951937917618, 1.3762604172120112, 0.8999988202349886, 1.195784376928593, 1.1447717974841165]
2022/12/13 PM 08:27:30 len(self.points) = 15
2022/12/13 PM 08:27:39 mse = 1.0582647829717118
2022/12/13 PM 08:27:39 partial_mse = [1.0717634569822947, 0.899873625529491, 0.8695492456933241, 0.9842696279529655, 0.7334512198772444]
2022/12/13 PM 08:27:39 len(self.points) = 27
2022/12/13 PM 08:27:39 ======Layer 3======
2022/12/13 PM 08:27:50 mse = 1.0566291674546588
2022/12/13 PM 08:27:50 partial_mse = [1.0588311064364386, 0.9618243929184935, 1.3431139349941017]
2022/12/13 PM 08:27:50 len(self.points) = 30
2022/12/13 PM 08:28:02 mse = 1.0565548350111444
2022/12/13 PM 08:28:02 partial_mse = [0.8434145879942423, 1.0523446980242266, 1.190198844008602]
2022/12/13 PM 08:28:02 len(self.points) = 33
2022/12/13 PM 08:28:13 mse = 1.0563915155032182
2022/12/13 PM 08:28:13 partial_mse = [1.6091586191997098, 1.257888909310488, 1.1356096704315857, 0.9659575473575166]
2022/12/13 PM 08:28:13 len(self.points) = 37
2022/12/13 PM 08:28:23 mse = 1.0532620795030196
2022/12/13 PM 08:28:23 partial_mse = [0.9053165393238121, 0.8739818352095939, 0.7834272702681925]
2022/12/13 PM 08:28:23 len(self.points) = 40
2022/12/13 PM 08:28:35 mse = 1.0506320225213375
2022/12/13 PM 08:28:35 partial_mse = [1.1739728502949847, 1.12263502826285]
2022/12/13 PM 08:28:35 len(self.points) = 42
2022/12/13 PM 08:28:46 mse = 1.0503978194411665
2022/12/13 PM 08:28:46 partial_mse = [1.0841057706522257, 1.2347985720805634, 1.4333295092402933, 2.1082577989878466]
2022/12/13 PM 08:28:46 len(self.points) = 46
2022/12/13 PM 08:28:56 mse = 1.0482773138845753
2022/12/13 PM 08:28:56 partial_mse = [1.8056174061237122, 1.0874243503615677, 1.155450506789238, 1.074079775205083, 1.4273532798881694]
2022/12/13 PM 08:28:56 len(self.points) = 51
2022/12/13 PM 08:29:07 mse = 1.044214862299769
2022/12/13 PM 08:29:07 partial_mse = [1.0667572600202704, 0.7287413760888676, 0.6415472899896801, 0.8777962811195749]
2022/12/13 PM 08:29:07 len(self.points) = 55
2022/12/13 PM 08:29:12 ===============Execution: JMLM===============
2022/12/13 PM 08:29:13 ======Layer 0======
2022/12/13 PM 08:29:19 mse = 1.0764638830113675
2022/12/13 PM 08:29:19 partial_mse = [0.9194160562929009, 0.9844989225367813, 1.1218277146434066, 1.1175676865678335, 1.2704543610716328]
2022/12/13 PM 08:29:19 len(self.points) = 5
2022/12/13 PM 08:29:19 ===============Execution: JMLM===============
2022/12/13 PM 08:29:20 ======Layer 0======
2022/12/13 PM 08:29:25 mse = 1.0395439109297302
2022/12/13 PM 08:29:25 partial_mse = [0.9252909341956254, 1.1915379271284843, 1.1928901362058648, 0.790821840286826, 1.0687852447659814]
2022/12/13 PM 08:29:25 len(self.points) = 60
2022/12/13 PM 08:29:25 mse = 1.106428216856321
2022/12/13 PM 08:29:25 partial_mse = [1.0710824930612644, 0.0]
2022/12/13 PM 08:29:25 len(self.points) = 2
2022/12/13 PM 08:29:25 ======Layer 1======
2022/12/13 PM 08:29:31 mse = 1.1049349877987096
2022/12/13 PM 08:29:31 partial_mse = [0.9678340093470706, 0.9073712639847162, 1.1106759218128508, 1.1283532338585103, 1.240871927445633]
2022/12/13 PM 08:29:31 len(self.points) = 7
2022/12/13 PM 08:29:31 ======Layer 2======
2022/12/13 PM 08:29:33 mse = 1.1026697424249239
2022/12/13 PM 08:29:33 partial_mse = [1.008469633643785, 0.9270582860106508]
2022/12/13 PM 08:29:33 len(self.points) = 9
2022/12/13 PM 08:29:36 mse = 1.1027237292212169
2022/12/13 PM 08:29:36 partial_mse = [0.6988578264299793, 0.8432463638963935, 0.9832336254925678, 1.0802326558980309, 0.9216222844375815]
2022/12/13 PM 08:29:36 len(self.points) = 14
2022/12/13 PM 08:29:43 mse = 1.0295215286140766
2022/12/13 PM 08:29:43 partial_mse = [1.1546444910698344, 1.5609660553718125, 0.8159313831144733, 0.9932585428156967, 1.0795690528424329]
2022/12/13 PM 08:29:43 len(self.points) = 65
2022/12/13 PM 08:30:00 mse = 1.023831130031075
2022/12/13 PM 08:30:00 partial_mse = [0.9746761822034097, 0.8163026482185303, 1.0309532015079454, 0.8644452521709013]
2022/12/13 PM 08:30:00 len(self.points) = 69
2022/12/13 PM 08:30:12 mse = 1.0223044188579709
2022/12/13 PM 08:30:12 partial_mse = [0.9711237459769999, 0.9233004399905016]
2022/12/13 PM 08:30:12 len(self.points) = 71
2022/12/13 PM 08:30:23 mse = 1.0228543927778042
2022/12/13 PM 08:30:23 partial_mse = [1.1536966010654945, 1.2547454231870403, 0.8644590860227651]
2022/12/13 PM 08:30:23 len(self.points) = 74
2022/12/13 PM 08:30:30 ===============Execution: JMLM===============
2022/12/13 PM 08:30:32 ======Layer 0======
2022/12/13 PM 08:30:35 mse = 1.02223766440816
2022/12/13 PM 08:30:35 partial_mse = [0.7262529565958614, 0.8702878020205487]
2022/12/13 PM 08:30:35 len(self.points) = 76
2022/12/13 PM 08:30:36 mse = 1.0562870475410273
2022/12/13 PM 08:30:36 partial_mse = [1.0835615502691371, 0.24766739675797358]
2022/12/13 PM 08:30:36 len(self.points) = 2
2022/12/13 PM 08:30:36 ======Layer 1======
2022/12/13 PM 08:30:42 mse = 1.0620492790109364
2022/12/13 PM 08:30:42 partial_mse = [0.9247436001130547, 1.1377629195769432, 1.122567832827615, 1.124300482381001]
2022/12/13 PM 08:30:42 len(self.points) = 6
2022/12/13 PM 08:30:42 ===============Execution: JMLM===============
2022/12/13 PM 08:30:43 ======Layer 0======
2022/12/13 PM 08:30:47 mse = 1.0227200456890424
2022/12/13 PM 08:30:47 partial_mse = [0.9535409100828951, 0.8708760170922467]
2022/12/13 PM 08:30:47 len(self.points) = 78
2022/12/13 PM 08:30:48 mse = 1.0870431270482803
2022/12/13 PM 08:30:48 partial_mse = [1.0758721632870543, 0.24766739675797358]
2022/12/13 PM 08:30:48 len(self.points) = 2
2022/12/13 PM 08:30:48 ======Layer 1======
2022/12/13 PM 08:30:53 mse = 1.0924193295705507
2022/12/13 PM 08:30:53 partial_mse = [1.133028391784374, 1.0084296792037688, 1.1121413718479096]
2022/12/13 PM 08:30:53 len(self.points) = 5
2022/12/13 PM 08:30:53 ======Layer 2======
2022/12/13 PM 08:30:57 mse = 1.0800592223832821
2022/12/13 PM 08:30:57 partial_mse = [0.7442491406792886, 1.404456233599566, 0.9793734697044104, 1.1470067112608477, 1.054785921769275]
2022/12/13 PM 08:30:57 len(self.points) = 10
2022/12/13 PM 08:30:58 mse = 1.019654553121572
2022/12/13 PM 08:30:58 partial_mse = [1.1922401811802417, 0.6522585836876194, 0.8397176395375081, 0.8998609141598531, 1.3184255451692302]
2022/12/13 PM 08:30:58 len(self.points) = 83
2022/12/13 PM 08:31:01 mse = 1.074442308022106
2022/12/13 PM 08:31:01 partial_mse = [1.142764203058667, 0.9326006498334546, 0.9179314466535172]
2022/12/13 PM 08:31:01 len(self.points) = 13
2022/12/13 PM 08:31:06 ===============Execution: JMLM===============
2022/12/13 PM 08:31:07 ======Layer 0======
2022/12/13 PM 08:31:09 mse = 1.0177056006017053
2022/12/13 PM 08:31:09 partial_mse = [1.0198590051988838, 0.7492401605178055, 0.7237523610667224, 0.8652058869521119, 0.6410264355459043]
2022/12/13 PM 08:31:09 len(self.points) = 88
2022/12/13 PM 08:31:12 mse = 0.45089803446187465
2022/12/13 PM 08:31:12 partial_mse = [0.4469286960184116, 23.282588922267752]
2022/12/13 PM 08:31:12 len(self.points) = 2
2022/12/13 PM 08:31:12 ===============Execution: JMLM===============
2022/12/13 PM 08:31:13 ======Layer 0======
2022/12/13 PM 08:31:18 mse = 0.45427202351281726
2022/12/13 PM 08:31:18 partial_mse = [0.4460851584836653, 23.282588922267752]
2022/12/13 PM 08:31:18 len(self.points) = 2
2022/12/13 PM 08:31:18 ===============Execution: JMLM===============
2022/12/13 PM 08:31:20 ======Layer 0======
2022/12/13 PM 08:31:22 mse = 1.0156397654108782
2022/12/13 PM 08:31:22 partial_mse = [0.7742933089289958, 0.8629133542822776]
2022/12/13 PM 08:31:22 len(self.points) = 90
2022/12/13 PM 08:31:24 mse = 0.504084852350171
2022/12/13 PM 08:31:24 partial_mse = [0.495525364950865, 0.0]
2022/12/13 PM 08:31:24 len(self.points) = 2
2022/12/13 PM 08:31:25 ===============Execution: JMLM===============
2022/12/13 PM 08:31:26 ======Layer 0======
2022/12/13 PM 08:31:30 mse = 0.4887478803730337
2022/12/13 PM 08:31:30 partial_mse = [0.5047645593231129, 3.999336302881857]
2022/12/13 PM 08:31:30 len(self.points) = 2
2022/12/13 PM 08:31:31 ===============Execution: JMLM===============
2022/12/13 PM 08:31:32 ======Layer 0======
2022/12/13 PM 08:31:33 mse = 1.0148802087866675
2022/12/13 PM 08:31:33 partial_mse = [0.9989098933051488, 0.8434649988820868, 0.7095506690135368, 1.0146960298805254, 1.2391176092406166]
2022/12/13 PM 08:31:33 len(self.points) = 95
2022/12/13 PM 08:31:37 mse = 0.8197345395469058
2022/12/13 PM 08:31:37 partial_mse = [0.851223128570573, 14.420449913999745]
2022/12/13 PM 08:31:37 len(self.points) = 2
2022/12/13 PM 08:31:37 ======Layer 1======
2022/12/13 PM 08:31:42 mse = 0.8245492990472834
2022/12/13 PM 08:31:42 partial_mse = [0.8928835608538515, 0.7414171844012905, 0.9556780524928158, 0.7436447227921589, 0.8700347972596632]
2022/12/13 PM 08:31:42 len(self.points) = 7
2022/12/13 PM 08:31:43 ===============Execution: JMLM===============
2022/12/13 PM 08:31:44 ======Layer 0======
2022/12/13 PM 08:31:45 mse = 1.0135123264201122
2022/12/13 PM 08:31:45 partial_mse = [0.613771378775921, 0.8120743060558417, 0.7602632588499507, 0.6739952596337511]
2022/12/13 PM 08:31:45 len(self.points) = 99
2022/12/13 PM 08:31:45 ======Layer 4======
2022/12/13 PM 08:31:53 ===============Execution: JMLM===============
2022/12/13 PM 08:31:54 ======Layer 0======
2022/12/13 PM 08:31:56 mse = 1.013347824371552
2022/12/13 PM 08:31:56 partial_mse = [1.268222267987608, 1.0769770606626698, 0.9261112171155458, 1.2234062942287425]
2022/12/13 PM 08:31:56 len(self.points) = 103
2022/12/13 PM 08:32:00 mse = 1.078160846969794
2022/12/13 PM 08:32:00 partial_mse = [1.1304710724144562, 1.1279027265004586, 0.9905653402939428, 0.9032273173029653, 1.2586848881339752]
2022/12/13 PM 08:32:00 len(self.points) = 5
2022/12/13 PM 08:32:00 ===============Execution: JMLM===============
2022/12/13 PM 08:32:01 ======Layer 0======
2022/12/13 PM 08:32:06 mse = 1.072140450940098
2022/12/13 PM 08:32:06 partial_mse = [1.0795980101927833, 0.24766739675797358]
2022/12/13 PM 08:32:06 len(self.points) = 2
2022/12/13 PM 08:32:06 ======Layer 1======
2022/12/13 PM 08:32:07 ===============Execution: JMLM===============
2022/12/13 PM 08:32:08 ======Layer 0======
2022/12/13 PM 08:32:11 mse = 1.0716366000405246
2022/12/13 PM 08:32:11 partial_mse = [1.2549546742806446, 0.9153780638429273, 1.144106098418645, 1.0345330702208062, 1.1293643163942018]
2022/12/13 PM 08:32:11 len(self.points) = 7
2022/12/13 PM 08:32:11 ======Layer 2======
2022/12/13 PM 08:32:14 mse = 1.0675839974557082
2022/12/13 PM 08:32:14 partial_mse = [1.0749801582223757, 1.4102781622591922, 1.1761805110623285, 0.8557381324189041, 1.4851564435710511]
2022/12/13 PM 08:32:14 len(self.points) = 12
2022/12/13 PM 08:32:17 ===============Execution: JMLM===============
2022/12/13 PM 08:32:18 ======Layer 0======
2022/12/13 PM 08:32:23 mse = 0.4472615601640067
2022/12/13 PM 08:32:23 partial_mse = [0.4492526467458206, 0.0]
2022/12/13 PM 08:32:23 len(self.points) = 2
2022/12/13 PM 08:32:23 ===============Execution: JMLM===============
2022/12/13 PM 08:32:24 ======Layer 0======
2022/12/13 PM 08:32:29 mse = 0.46107582333597263
2022/12/13 PM 08:32:29 partial_mse = [0.4454850987366587, 0.0]
2022/12/13 PM 08:32:29 len(self.points) = 2
2022/12/13 PM 08:32:29 ===============Execution: JMLM===============
2022/12/13 PM 08:32:30 ======Layer 0======
2022/12/13 PM 08:32:50 mse = 1.0573427510153142
2022/12/13 PM 08:32:50 partial_mse = [1.0832976117996647, 0.24766739675797358]
2022/12/13 PM 08:32:50 len(self.points) = 2
2022/12/13 PM 08:32:50 ======Layer 1======
2022/12/13 PM 08:33:10 ===============Execution: JMLM===============
2022/12/13 PM 08:33:11 ======Layer 0======
2022/12/13 PM 08:33:16 mse = 1.0661728378027013
2022/12/13 PM 08:33:16 partial_mse = [1.0810899847066997, 0.24766739675797358]
2022/12/13 PM 08:33:16 len(self.points) = 2
2022/12/13 PM 08:33:16 ======Layer 1======
2022/12/13 PM 08:33:22 mse = 1.069835222859329
2022/12/13 PM 08:33:22 partial_mse = [1.0095673010755475, 1.1474600524829315, 1.1237619534323313]
2022/12/13 PM 08:33:22 len(self.points) = 5
2022/12/13 PM 08:33:22 ===============Execution: JMLM===============
2022/12/13 PM 08:33:23 ======Layer 0======
2022/12/13 PM 08:33:28 mse = 1.0542037896824388
2022/12/13 PM 08:33:28 partial_mse = [1.084082389599598, 0.24766739675797358]
2022/12/13 PM 08:33:28 len(self.points) = 2
2022/12/13 PM 08:33:28 ======Layer 1======
2022/12/13 PM 08:33:34 mse = 1.0627517199831729
2022/12/13 PM 08:33:34 partial_mse = [0.9217863808840895, 1.136893641281357, 1.1215267965671574, 1.1427292373995193]
2022/12/13 PM 08:33:34 len(self.points) = 6
2022/12/13 PM 08:33:34 ======Layer 2======
2022/12/13 PM 08:33:36 mse = 1.0648650615448316
2022/12/13 PM 08:33:36 partial_mse = [1.0908138385037145, 0.9144711622732048, 0.9283075274069542, 0.9684070268686057, 0.7398603416376777]
2022/12/13 PM 08:33:36 len(self.points) = 11
2022/12/13 PM 08:33:41 ===============Execution: JMLM===============
2022/12/13 PM 08:33:42 ======Layer 0======
2022/12/13 PM 08:33:46 mse = 0.44042734309190945
2022/12/13 PM 08:33:46 partial_mse = [0.449546493839315, 23.282588922267752]
2022/12/13 PM 08:33:46 len(self.points) = 2
2022/12/13 PM 08:33:46 mse = 1.0570574991403272
2022/12/13 PM 08:33:46 partial_mse = [1.119812962894495, 1.0201955015564474, 1.1182491903540914]
2022/12/13 PM 08:33:46 len(self.points) = 5
2022/12/13 PM 08:33:46 ======Layer 2======
2022/12/13 PM 08:33:46 ===============Execution: JMLM===============
2022/12/13 PM 08:33:48 ======Layer 0======
2022/12/13 PM 08:33:52 mse = 0.4377558734375551
2022/12/13 PM 08:33:52 partial_mse = [0.45021439313962663, 23.282588922267752]
2022/12/13 PM 08:33:52 len(self.points) = 2
2022/12/13 PM 08:33:52 ===============Execution: JMLM===============
2022/12/13 PM 08:33:53 ======Layer 0======
2022/12/13 PM 08:33:58 mse = 0.512366597258854
2022/12/13 PM 08:33:58 partial_mse = [0.47217122469823264, 3.999336302881857, 0.5078390332552692]
2022/12/13 PM 08:33:58 len(self.points) = 3
2022/12/13 PM 08:33:58 ======Layer 1======
2022/12/13 PM 08:34:04 mse = 0.5110356892552452
2022/12/13 PM 08:34:04 partial_mse = [0.5076933371585763, 0.503194643169775, 0.5338991061116737, 0.5009575396497735, 0.4965515614384246]
2022/12/13 PM 08:34:04 len(self.points) = 8
2022/12/13 PM 08:34:04 ===============Execution: JMLM===============
2022/12/13 PM 08:34:05 ======Layer 0======
2022/12/13 PM 08:34:09 mse = 0.5027995539214126
2022/12/13 PM 08:34:09 partial_mse = [0.5012514732149207, 3.999336302881857]
2022/12/13 PM 08:34:09 len(self.points) = 2
2022/12/13 PM 08:34:09 ======Layer 1======
2022/12/13 PM 08:34:15 mse = 0.5040238461411132
2022/12/13 PM 08:34:15 partial_mse = [0.48574297045798587, 0.5226790493543105, 0.5095632487388715, 0.5212874869617335, 0.47085018842523174]
2022/12/13 PM 08:34:15 len(self.points) = 7
2022/12/13 PM 08:34:15 ======Layer 2======
2022/12/13 PM 08:34:18 mse = 0.502098442144541
2022/12/13 PM 08:34:18 partial_mse = [0.5148855498572406, 0.4671959186026453, 0.5123176747694848]
2022/12/13 PM 08:34:18 len(self.points) = 10
2022/12/13 PM 08:34:22 mse = 0.5003125809561451
2022/12/13 PM 08:34:22 partial_mse = [0.4886384367645043, 0.5034662794748784, 0.5222969164794555]
2022/12/13 PM 08:34:22 len(self.points) = 13
2022/12/13 PM 08:34:25 ===============Execution: JMLM===============
2022/12/13 PM 08:34:26 ======Layer 0======
2022/12/13 PM 08:34:26 mse = 1.050797858250187
2022/12/13 PM 08:34:26 partial_mse = [1.0882395216839085, 0.9600883114770445, 1.4119408262516064, 1.1814335954189281, 0.7626766505524386]
2022/12/13 PM 08:34:26 len(self.points) = 10
2022/12/13 PM 08:34:30 mse = 0.8440000079347408
2022/12/13 PM 08:34:30 partial_mse = [0.8458247715553106, 0.0]
2022/12/13 PM 08:34:30 len(self.points) = 2
2022/12/13 PM 08:34:30 ======Layer 1======
2022/12/13 PM 08:34:36 mse = 0.8663434275075718
2022/12/13 PM 08:34:36 partial_mse = [0.8054190557311489, 0.8968876350193372]
2022/12/13 PM 08:34:36 len(self.points) = 4
2022/12/13 PM 08:34:36 ======Layer 2======
2022/12/13 PM 08:34:40 mse = 0.8437638700681819
2022/12/13 PM 08:34:40 partial_mse = [0.7615426413110845, 0.7201387977212924, 0.7009643209179496, 0.7540066185461503, 0.8202558871603403]
2022/12/13 PM 08:34:40 len(self.points) = 9
2022/12/13 PM 08:35:04 mse = 1.04815550399365
2022/12/13 PM 08:35:04 partial_mse = [0.9125215540981729, 0.9437568477922259, 1.1661599478879465]
2022/12/13 PM 08:35:04 len(self.points) = 13
2022/12/13 PM 08:35:25 ===============Execution: JMLM===============
2022/12/13 PM 08:35:26 ======Layer 0======
2022/12/13 PM 08:35:31 mse = 1.0577691202906994
2022/12/13 PM 08:35:31 partial_mse = [1.0831910143916654, 0.24766739675797358]
2022/12/13 PM 08:35:31 len(self.points) = 2
2022/12/13 PM 08:35:31 ======Layer 1======
2022/12/13 PM 08:35:37 mse = 1.0641018088998095
2022/12/13 PM 08:35:37 partial_mse = [1.1384214460254471, 1.11980661819098, 1.0233431141153464]
2022/12/13 PM 08:35:37 len(self.points) = 5
2022/12/13 PM 08:35:37 ===============Execution: JMLM===============
2022/12/13 PM 08:35:38 ======Layer 0======
2022/12/13 PM 08:35:43 mse = 1.0692335613370494
2022/12/13 PM 08:35:43 partial_mse = [1.0803247672902463, 0.24766739675797358]
2022/12/13 PM 08:35:43 len(self.points) = 2
2022/12/13 PM 08:35:43 ======Layer 1======
2022/12/13 PM 08:35:43 mse = 1.0453048274746013
2022/12/13 PM 08:35:43 partial_mse = [1.3982562647520471, 0.7865493865246592, 1.1726235607930044, 0.9076573217251706, 1.1835983945124424]
2022/12/13 PM 08:35:43 len(self.points) = 18
2022/12/13 PM 08:35:43 ======Layer 3======
2022/12/13 PM 08:35:49 mse = 1.0738893732672607
2022/12/13 PM 08:35:49 partial_mse = [1.0177625415340354, 1.1366925385290207, 1.12035801398937]
2022/12/13 PM 08:35:49 len(self.points) = 5
2022/12/13 PM 08:35:49 ======Layer 2======
2022/12/13 PM 08:35:52 mse = 1.0685647650296246
2022/12/13 PM 08:35:52 partial_mse = [0.9152845375052897, 0.9257342570043313, 1.1573854431204411]
2022/12/13 PM 08:35:52 len(self.points) = 8
2022/12/13 PM 08:35:56 mse = 1.057488853242881
2022/12/13 PM 08:35:56 partial_mse = [1.4044676184498528, 0.7584744756157802, 1.150922363215502, 0.9813201523684548, 1.0518199938209463]
2022/12/13 PM 08:35:56 len(self.points) = 13
2022/12/13 PM 08:35:57 mse = 1.0446289659989991
2022/12/13 PM 08:35:57 partial_mse = [0.8898510175167823, 0.8507917115020033, 1.166119342518554, 1.3930395173379706]
2022/12/13 PM 08:35:57 len(self.points) = 22
2022/12/13 PM 08:36:01 ===============Execution: JMLM===============
2022/12/13 PM 08:36:02 ======Layer 0======
2022/12/13 PM 08:36:06 mse = 0.44736215892575854
2022/12/13 PM 08:36:06 partial_mse = [0.4509988004921518, 0.0]
2022/12/13 PM 08:36:06 len(self.points) = 2
2022/12/13 PM 08:36:07 ===============Execution: JMLM===============
2022/12/13 PM 08:36:08 ======Layer 0======
2022/12/13 PM 08:36:12 mse = 1.0407003568056348
2022/12/13 PM 08:36:12 partial_mse = [0.9253041009132712, 0.9308603363646462, 0.9038778591715785, 0.9093351986268955]
2022/12/13 PM 08:36:12 len(self.points) = 26
2022/12/13 PM 08:36:12 mse = 0.4460771422791768
2022/12/13 PM 08:36:12 partial_mse = [0.4296220141264918, 0.0, 0.4589161197335902]
2022/12/13 PM 08:36:12 len(self.points) = 3
2022/12/13 PM 08:36:13 ===============Execution: JMLM===============
2022/12/13 PM 08:36:14 ======Layer 0======
2022/12/13 PM 08:36:19 mse = 0.5004353825685152
2022/12/13 PM 08:36:19 partial_mse = [0.48567366356079816, 7.891404113014644, 0.5177333091930032, 0.5134463996087101, 0.4715001064284718]
2022/12/13 PM 08:36:19 len(self.points) = 5
2022/12/13 PM 08:36:19 ===============Execution: JMLM===============
2022/12/13 PM 08:36:20 ======Layer 0======
2022/12/13 PM 08:36:25 mse = 0.4985646169902114
2022/12/13 PM 08:36:25 partial_mse = [0.4967263742056764, 3.999336302881857]
2022/12/13 PM 08:36:25 len(self.points) = 2
2022/12/13 PM 08:36:25 ===============Execution: JMLM===============
2022/12/13 PM 08:36:26 mse = 1.0354682057469373
2022/12/13 PM 08:36:26 partial_mse = [1.1365987772412673, 1.3441404106857917, 2.232341002868119, 1.4522329221955348, 1.0304288232427745]
2022/12/13 PM 08:36:26 len(self.points) = 31
2022/12/13 PM 08:36:35 ===============Execution: JMLM===============
2022/12/13 PM 08:36:36 ======Layer 0======
2022/12/13 PM 08:36:40 mse = 1.0292578492771978
2022/12/13 PM 08:36:40 partial_mse = [1.137844889453519, 0.9528313317280857, 1.1515824233285277]
2022/12/13 PM 08:36:40 len(self.points) = 34
2022/12/13 PM 08:36:40 mse = 1.0753733558655099
2022/12/13 PM 08:36:40 partial_mse = [1.0787897453734032, 0.24766739675797358]
2022/12/13 PM 08:36:40 len(self.points) = 2
2022/12/13 PM 08:36:41 ======Layer 1======
2022/12/13 PM 08:36:46 mse = 1.08205628829102
2022/12/13 PM 08:36:46 partial_mse = [1.1317188769948718, 1.0246770907242952, 1.1111587495433042]
2022/12/13 PM 08:36:46 len(self.points) = 5
2022/12/13 PM 08:36:47 ===============Execution: JMLM===============
2022/12/13 PM 08:36:48 ======Layer 0======
2022/12/13 PM 08:36:52 mse = 1.0311088803243285
2022/12/13 PM 08:36:52 partial_mse = [0.9060453509608164, 0.9663906597431173, 0.651185838440448]
2022/12/13 PM 08:36:52 len(self.points) = 37
2022/12/13 PM 08:36:52 mse = 1.088066395207377
2022/12/13 PM 08:36:52 partial_mse = [1.0756163340335279, 0.24766739675797358]
2022/12/13 PM 08:36:52 len(self.points) = 2
2022/12/13 PM 08:36:52 ======Layer 1======
2022/12/13 PM 08:36:58 mse = 1.0927309514492636
2022/12/13 PM 08:36:58 partial_mse = [1.264298838119759, 1.1323725969789684, 0.9196949748957431, 1.0248801396805063, 1.1126082876929921]
2022/12/13 PM 08:36:58 len(self.points) = 7
2022/12/13 PM 08:36:58 ======Layer 2======
2022/12/13 PM 08:37:00 mse = 1.0797095458715331
2022/12/13 PM 08:37:00 partial_mse = [0.8666734692605982, 1.0929025141356883, 1.1800309971821685, 1.4793541860768107, 1.2011207806817912]
2022/12/13 PM 08:37:00 len(self.points) = 12
2022/12/13 PM 08:37:05 ===============Execution: JMLM===============
2022/12/13 PM 08:37:06 ======Layer 0======
2022/12/13 PM 08:37:10 mse = 0.44031742828402987
2022/12/13 PM 08:37:10 partial_mse = [0.4527600251946135, 0.0]
2022/12/13 PM 08:37:10 len(self.points) = 2
2022/12/13 PM 08:37:11 mse = 1.025907981378345
2022/12/13 PM 08:37:11 partial_mse = [0.9165123815206827, 0.8022058497411463, 0.9565269979340378, 0.8029992784215505, 0.8955922726463664]
2022/12/13 PM 08:37:11 len(self.points) = 42
2022/12/13 PM 08:37:11 ===============Execution: JMLM===============
2022/12/13 PM 08:37:12 ======Layer 0======
2022/12/13 PM 08:37:16 mse = 0.4478092627086639
2022/12/13 PM 08:37:16 partial_mse = [0.44770092582436466, 23.282588922267752]
2022/12/13 PM 08:37:16 len(self.points) = 2
2022/12/13 PM 08:37:17 ===============Execution: JMLM===============
2022/12/13 PM 08:37:18 ======Layer 0======
2022/12/13 PM 08:37:22 mse = 0.4833480864583575
2022/12/13 PM 08:37:22 partial_mse = [0.5095661969365625, 7.891404113014644, 0.5174926931037815, 0.4840617117561943, 0.4868839855204643]
2022/12/13 PM 08:37:22 len(self.points) = 5
2022/12/13 PM 08:37:23 ===============Execution: JMLM===============
2022/12/13 PM 08:37:24 ======Layer 0======
2022/12/13 PM 08:37:27 mse = 1.023858237275441
2022/12/13 PM 08:37:27 partial_mse = [0.9520408675842014, 0.9212283543330608]
2022/12/13 PM 08:37:27 len(self.points) = 44
2022/12/13 PM 08:37:28 mse = 0.4973913714956217
2022/12/13 PM 08:37:28 partial_mse = [0.47215870344651806, 7.891404113014644, 0.5089922833205889, 0.5090615822494169]
2022/12/13 PM 08:37:28 len(self.points) = 4
2022/12/13 PM 08:37:29 ===============Execution: JMLM===============
2022/12/13 PM 08:37:30 ======Layer 0======
2022/12/13 PM 08:37:34 mse = 0.8425114367887415
2022/12/13 PM 08:37:34 partial_mse = [0.8455286323945468, 14.420449913999745]
2022/12/13 PM 08:37:34 len(self.points) = 2
2022/12/13 PM 08:37:34 ======Layer 1======
2022/12/13 PM 08:37:40 mse = 0.861326921323661
2022/12/13 PM 08:37:40 partial_mse = [0.808230917457646, 0.8963957843297949]
2022/12/13 PM 08:37:40 len(self.points) = 4
2022/12/13 PM 08:37:40 ======Layer 2======
2022/12/13 PM 08:37:44 mse = 0.8448609427358822
2022/12/13 PM 08:37:44 partial_mse = [0.7472573980732069, 0.7383041026131236]
2022/12/13 PM 08:37:44 len(self.points) = 6
2022/12/13 PM 08:37:46 mse = 1.0200562451617348
2022/12/13 PM 08:37:46 partial_mse = [1.1060146761883347, 1.050751617873039, 1.3128733797754373, 0.994513268902207]
2022/12/13 PM 08:37:46 len(self.points) = 48
2022/12/13 PM 08:37:49 ===============Execution: JMLM===============
2022/12/13 PM 08:37:50 ======Layer 0======
2022/12/13 PM 08:37:55 mse = 0.8451736301301437
2022/12/13 PM 08:37:55 partial_mse = [0.8455313590024366, 0.0]
2022/12/13 PM 08:37:55 len(self.points) = 2
2022/12/13 PM 08:37:55 ======Layer 1======
2022/12/13 PM 08:38:00 mse = 1.0089152722758992
2022/12/13 PM 08:38:00 partial_mse = [1.1386285973608572, 1.3014079269721672]
2022/12/13 PM 08:38:00 len(self.points) = 50
2022/12/13 PM 08:38:10 ===============Execution: JMLM===============
2022/12/13 PM 08:38:11 ======Layer 0======
2022/12/13 PM 08:38:12 mse = 1.008718924628485
2022/12/13 PM 08:38:12 partial_mse = [0.7707145788497837, 0.8141353844592851, 0.7956470693462485, 1.1151967048335687, 0.8305454768646157]
2022/12/13 PM 08:38:12 len(self.points) = 55
2022/12/13 PM 08:38:15 mse = 1.0569380443608731
2022/12/13 PM 08:38:15 partial_mse = [1.083398793293863, 0.24766739675797358]
2022/12/13 PM 08:38:15 len(self.points) = 2
2022/12/13 PM 08:38:15 ======Layer 1======
2022/12/13 PM 08:38:21 mse = 1.0621568713508887
2022/12/13 PM 08:38:21 partial_mse = [1.0522134854587222, 1.2713847116417167, 1.0194922633281378, 1.2643982979918231, 0.9768581666965168]
2022/12/13 PM 08:38:21 len(self.points) = 7
2022/12/13 PM 08:38:21 ===============Execution: JMLM===============
2022/12/13 PM 08:38:22 ======Layer 0======
2022/12/13 PM 08:38:26 mse = 0.9997278157038669
2022/12/13 PM 08:38:26 partial_mse = [0.8385717482943961, 1.2869399758165663, 1.1162042083282053, 1.1770734913232714, 0.8201100481251578]
2022/12/13 PM 08:38:26 len(self.points) = 60
2022/12/13 PM 08:38:27 mse = 1.0949411308428063
2022/12/13 PM 08:38:27 partial_mse = [1.116820399209097, 0.0, 1.134305955349533, 1.011153894393302]
2022/12/13 PM 08:38:27 len(self.points) = 4
2022/12/13 PM 08:38:27 ======Layer 1======
2022/12/13 PM 08:38:31 mse = 1.0839931884316627
2022/12/13 PM 08:38:31 partial_mse = [0.9211999651421598, 1.0718756461810643, 1.1556867525054462, 1.37647805421767, 0.862648542666313]
2022/12/13 PM 08:38:31 len(self.points) = 9
2022/12/13 PM 08:38:34 mse = 1.0718596484823475
2022/12/13 PM 08:38:34 partial_mse = [1.156005973031589, 0.7683055154903742, 1.4076877883723093, 0.966925363265388, 1.0465883359750043]
2022/12/13 PM 08:38:34 len(self.points) = 14
2022/12/13 PM 08:38:39 ===============Execution: JMLM===============
2022/12/13 PM 08:38:40 ======Layer 0======
2022/12/13 PM 08:38:42 mse = 0.9966983913110886
2022/12/13 PM 08:38:42 partial_mse = [0.7588929594240817, 0.9483519568937219, 0.8722247189372547, 0.9810512891327948, 0.8550653918643725]
2022/12/13 PM 08:38:42 len(self.points) = 65
2022/12/13 PM 08:38:44 mse = 0.43461868109607926
2022/12/13 PM 08:38:44 partial_mse = [0.4509987286705953, 23.282588922267752]
2022/12/13 PM 08:38:44 len(self.points) = 2
2022/12/13 PM 08:38:45 ===============Execution: JMLM===============
2022/12/13 PM 08:38:46 ======Layer 0======
2022/12/13 PM 08:38:51 mse = 0.45444680651668773
2022/12/13 PM 08:38:51 partial_mse = [0.4474562922770415, 0.0]
2022/12/13 PM 08:38:51 len(self.points) = 2
2022/12/13 PM 08:38:51 ===============Execution: JMLM===============
2022/12/13 PM 08:38:52 ======Layer 0======
2022/12/13 PM 08:38:56 mse = 0.9933303479699094
2022/12/13 PM 08:38:56 partial_mse = [1.1085888161958088, 1.0103236593087983, 1.3776311086139224, 0.9933931511395013, 0.8711786162563611]
2022/12/13 PM 08:38:56 len(self.points) = 70
2022/12/13 PM 08:38:56 ======Layer 4======
2022/12/13 PM 08:38:57 mse = 0.4949404228279026
2022/12/13 PM 08:38:57 partial_mse = [0.5125092976189793, 3.999336302881857, 0.475619451913676]
2022/12/13 PM 08:38:57 len(self.points) = 3
2022/12/13 PM 08:39:06 mse = 0.992491430145745
2022/12/13 PM 08:39:06 partial_mse = [0.9318915941834014, 0.5789790050576332, 0.5600860216392147, 1.1701562462391308]
2022/12/13 PM 08:39:06 len(self.points) = 74
2022/12/13 PM 08:39:16 mse = 0.9917711755477857
2022/12/13 PM 08:39:16 partial_mse = [0.6895842955713647, 0.7869517987789878, 1.0916219658289796, 0.6219636572292261, 0.6057098257238309]
2022/12/13 PM 08:39:16 len(self.points) = 79
2022/12/13 PM 08:39:26 mse = 0.9915221255286831
2022/12/13 PM 08:39:26 partial_mse = [1.40193433382485, 1.2548018208847274, 1.3375472609345294, 0.6599222141579505, 0.7114801413349888]
2022/12/13 PM 08:39:26 len(self.points) = 84
2022/12/13 PM 08:39:35 mse = 0.9908724405073521
2022/12/13 PM 08:39:35 partial_mse = [1.3001313544535742, 1.5043112846346878, 1.5907260803254402, 1.1927536107581078, 0.8527645752161597]
2022/12/13 PM 08:39:35 len(self.points) = 89
2022/12/13 PM 08:39:45 mse = 0.9892635386703524
2022/12/13 PM 08:39:45 partial_mse = [1.0964429812584915, 0.639716509785433, 1.145705144206939]
2022/12/13 PM 08:39:45 len(self.points) = 92
2022/12/13 PM 08:39:55 mse = 0.9883628710241775
2022/12/13 PM 08:39:55 partial_mse = [0.9679199405106884, 0.8960205195928569, 0.8137801840465803, 0.9658181090322637, 0.9727250809438384]
2022/12/13 PM 08:39:55 len(self.points) = 97
2022/12/13 PM 08:40:05 mse = 0.987984109340026
2022/12/13 PM 08:40:05 partial_mse = [0.6782316480704227, 0.9702955721292449, 0.8239949919170347]
2022/12/13 PM 08:40:05 len(self.points) = 100
2022/12/13 PM 08:40:15 mse = 0.9906738581788452
2022/12/13 PM 08:40:15 partial_mse = [0.9762224396752627, 1.24533099582367]
2022/12/13 PM 08:40:15 len(self.points) = 102
2022/12/13 PM 08:40:25 ===============Execution: JMLM===============
2022/12/13 PM 08:40:26 ======Layer 0======
2022/12/13 PM 08:41:07 mse = 1.1012899812791248
2022/12/13 PM 08:41:07 partial_mse = [1.0722965064221093, 0.0]
2022/12/13 PM 08:41:07 len(self.points) = 2
2022/12/13 PM 08:41:07 ======Layer 1======
2022/12/13 PM 08:41:58 mse = 1.1082944435126214
2022/12/13 PM 08:41:58 partial_mse = [1.0273373351449322, 1.2653753958245932, 1.0078134035697355, 1.2916597899303448, 0.9638218223944455]
2022/12/13 PM 08:41:58 len(self.points) = 7
2022/12/13 PM 08:41:58 ======Layer 2======
2022/12/13 PM 08:42:22 mse = 1.0891466465991688
2022/12/13 PM 08:42:22 partial_mse = [0.8250590106214856, 1.1214172086776155, 0.89269519406808, 0.8615231921091693]
2022/12/13 PM 08:42:22 len(self.points) = 11
2022/12/13 PM 08:42:43 mse = 1.0773766364015929
2022/12/13 PM 08:42:43 partial_mse = [1.0605231451858639, 1.3605343028135792, 1.28767912558628]
2022/12/13 PM 08:42:43 len(self.points) = 14
2022/12/13 PM 08:43:21 mse = 1.0746533716309905
2022/12/13 PM 08:43:21 partial_mse = [0.885569647429982, 1.006629254888222, 1.2193704107352659, 0.9439478361473627]
2022/12/13 PM 08:43:21 len(self.points) = 18
